Using worker: worker-linux-6-1.bb.travis-ci.org:travis-linux-11

travis_fold:start:git.1$ git clone --depth=50 --branch=master git://github.com/square/retrofit.git square/retrofit
Cloning into 'square/retrofit'...
remote: Counting objects: 1280, done.[K
remote: Compressing objects:   0% (1/582)   [Kremote: Compressing objects:   1% (6/582)   [Kremote: Compressing objects:   2% (12/582)   [Kremote: Compressing objects:   3% (18/582)   [Kremote: Compressing objects:   4% (24/582)   [Kremote: Compressing objects:   5% (30/582)   [Kremote: Compressing objects:   6% (35/582)   [Kremote: Compressing objects:   7% (41/582)   [Kremote: Compressing objects:   8% (47/582)   [Kremote: Compressing objects:   9% (53/582)   [Kremote: Compressing objects:  10% (59/582)   [Kremote: Compressing objects:  11% (65/582)   [Kremote: Compressing objects:  12% (70/582)   [Kremote: Compressing objects:  13% (76/582)   [Kremote: Compressing objects:  14% (82/582)   [Kremote: Compressing objects:  15% (88/582)   [Kremote: Compressing objects:  16% (94/582)   [Kremote: Compressing objects:  17% (99/582)   [Kremote: Compressing objects:  18% (105/582)   [Kremote: Compressing objects:  19% (111/582)   [Kremote: Compressing objects:  20% (117/582)   [Kremote: Compressing objects:  21% (123/582)   [Kremote: Compressing objects:  22% (129/582)   [Kremote: Compressing objects:  23% (134/582)   [Kremote: Compressing objects:  24% (140/582)   [Kremote: Compressing objects:  25% (146/582)   [Kremote: Compressing objects:  26% (152/582)   [Kremote: Compressing objects:  27% (158/582)   [Kremote: Compressing objects:  28% (163/582)   [Kremote: Compressing objects:  29% (169/582)   [Kremote: Compressing objects:  30% (175/582)   [Kremote: Compressing objects:  31% (181/582)   [Kremote: Compressing objects:  32% (187/582)   [Kremote: Compressing objects:  33% (193/582)   [Kremote: Compressing objects:  34% (198/582)   [Kremote: Compressing objects:  35% (204/582)   [Kremote: Compressing objects:  36% (210/582)   [Kremote: Compressing objects:  37% (216/582)   [Kremote: Compressing objects:  38% (222/582)   [Kremote: Compressing objects:  39% (227/582)   [Kremote: Compressing objects:  40% (233/582)   [Kremote: Compressing objects:  41% (239/582)   [Kremote: Compressing objects:  42% (245/582)   [Kremote: Compressing objects:  43% (251/582)   [Kremote: Compressing objects:  44% (257/582)   [Kremote: Compressing objects:  45% (262/582)   [Kremote: Compressing objects:  46% (268/582)   [Kremote: Compressing objects:  47% (274/582)   [Kremote: Compressing objects:  48% (280/582)   [Kremote: Compressing objects:  49% (286/582)   [Kremote: Compressing objects:  50% (291/582)   [Kremote: Compressing objects:  51% (297/582)   [Kremote: Compressing objects:  52% (303/582)   [Kremote: Compressing objects:  53% (309/582)   [Kremote: Compressing objects:  54% (315/582)   [Kremote: Compressing objects:  55% (321/582)   [Kremote: Compressing objects:  56% (326/582)   [Kremote: Compressing objects:  57% (332/582)   [Kremote: Compressing objects:  58% (338/582)   [Kremote: Compressing objects:  59% (344/582)   [Kremote: Compressing objects:  60% (350/582)   [Kremote: Compressing objects:  61% (356/582)   [Kremote: Compressing objects:  62% (361/582)   [Kremote: Compressing objects:  63% (367/582)   [Kremote: Compressing objects:  64% (373/582)   [Kremote: Compressing objects:  65% (379/582)   [Kremote: Compressing objects:  66% (385/582)   [Kremote: Compressing objects:  67% (390/582)   [Kremote: Compressing objects:  68% (396/582)   [Kremote: Compressing objects:  69% (402/582)   [Kremote: Compressing objects:  70% (408/582)   [Kremote: Compressing objects:  71% (414/582)   [Kremote: Compressing objects:  72% (420/582)   [Kremote: Compressing objects:  73% (425/582)   [Kremote: Compressing objects:  74% (431/582)   [Kremote: Compressing objects:  75% (437/582)   [Kremote: Compressing objects:  76% (443/582)   [Kremote: Compressing objects:  77% (449/582)   [Kremote: Compressing objects:  78% (454/582)   [Kremote: Compressing objects:  79% (460/582)   [Kremote: Compressing objects:  80% (466/582)   [Kremote: Compressing objects:  81% (472/582)   [Kremote: Compressing objects:  82% (478/582)   [Kremote: Compressing objects:  83% (484/582)   [Kremote: Compressing objects:  84% (489/582)   [Kremote: Compressing objects:  85% (495/582)   [Kremote: Compressing objects:  86% (501/582)   [Kremote: Compressing objects:  87% (507/582)   [Kremote: Compressing objects:  88% (513/582)   [Kremote: Compressing objects:  89% (518/582)   [Kremote: Compressing objects:  90% (524/582)   [Kremote: Compressing objects:  91% (530/582)   [Kremote: Compressing objects:  92% (536/582)   [Kremote: Compressing objects:  93% (542/582)   [Kremote: Compressing objects:  94% (548/582)   [Kremote: Compressing objects:  95% (553/582)   [Kremote: Compressing objects:  96% (559/582)   [Kremote: Compressing objects:  97% (565/582)   [Kremote: Compressing objects:  98% (571/582)   [Kremote: Compressing objects:  99% (577/582)   [Kremote: Compressing objects: 100% (582/582)   [Kremote: Compressing objects: 100% (582/582), done.[K
Receiving objects:   0% (1/1280)   Receiving objects:   1% (13/1280)   Receiving objects:   2% (26/1280)   Receiving objects:   3% (39/1280)   Receiving objects:   4% (52/1280)   Receiving objects:   5% (64/1280)   Receiving objects:   6% (77/1280)   Receiving objects:   7% (90/1280)   Receiving objects:   8% (103/1280)   Receiving objects:   9% (116/1280)   Receiving objects:  10% (128/1280)   Receiving objects:  11% (141/1280)   Receiving objects:  12% (154/1280)   Receiving objects:  13% (167/1280)   Receiving objects:  14% (180/1280)   Receiving objects:  15% (192/1280)   Receiving objects:  16% (205/1280)   Receiving objects:  17% (218/1280)   Receiving objects:  18% (231/1280)   Receiving objects:  19% (244/1280)   Receiving objects:  20% (256/1280)   Receiving objects:  21% (269/1280)   Receiving objects:  22% (282/1280)   Receiving objects:  23% (295/1280)   Receiving objects:  24% (308/1280)   Receiving objects:  25% (320/1280)   Receiving objects:  26% (333/1280)   Receiving objects:  27% (346/1280)   Receiving objects:  28% (359/1280)   Receiving objects:  29% (372/1280)   Receiving objects:  30% (384/1280)   Receiving objects:  31% (397/1280)   Receiving objects:  32% (410/1280)   Receiving objects:  33% (423/1280)   Receiving objects:  34% (436/1280)   Receiving objects:  35% (448/1280)   Receiving objects:  36% (461/1280)   Receiving objects:  37% (474/1280)   Receiving objects:  38% (487/1280)   Receiving objects:  39% (500/1280)   Receiving objects:  40% (512/1280)   Receiving objects:  41% (525/1280)   Receiving objects:  42% (538/1280)   Receiving objects:  43% (551/1280)   Receiving objects:  44% (564/1280)   Receiving objects:  45% (576/1280)   Receiving objects:  46% (589/1280)   Receiving objects:  47% (602/1280)   Receiving objects:  48% (615/1280)   Receiving objects:  49% (628/1280)   Receiving objects:  50% (640/1280)   Receiving objects:  51% (653/1280)   Receiving objects:  52% (666/1280)   Receiving objects:  53% (679/1280)   Receiving objects:  54% (692/1280)   Receiving objects:  55% (704/1280)   Receiving objects:  56% (717/1280)   Receiving objects:  57% (730/1280)   Receiving objects:  58% (743/1280)   Receiving objects:  59% (756/1280)   Receiving objects:  60% (768/1280)   Receiving objects:  61% (781/1280)   Receiving objects:  62% (794/1280)   Receiving objects:  63% (807/1280)   Receiving objects:  64% (820/1280)   Receiving objects:  65% (832/1280)   Receiving objects:  66% (845/1280)   Receiving objects:  67% (858/1280)   Receiving objects:  68% (871/1280)   Receiving objects:  69% (884/1280)   Receiving objects:  70% (896/1280)   Receiving objects:  71% (909/1280)   Receiving objects:  72% (922/1280)   Receiving objects:  73% (935/1280)   Receiving objects:  74% (948/1280)   Receiving objects:  75% (960/1280)   Receiving objects:  76% (973/1280)   Receiving objects:  77% (986/1280)   Receiving objects:  78% (999/1280)   Receiving objects:  79% (1012/1280)   Receiving objects:  80% (1024/1280)   Receiving objects:  81% (1037/1280)   Receiving objects:  82% (1050/1280)   Receiving objects:  83% (1063/1280)   Receiving objects:  84% (1076/1280)   Receiving objects:  85% (1088/1280)   Receiving objects:  86% (1101/1280)   Receiving objects:  87% (1114/1280)   Receiving objects:  88% (1127/1280)   Receiving objects:  89% (1140/1280)   Receiving objects:  90% (1152/1280)   Receiving objects:  91% (1165/1280)   Receiving objects:  92% (1178/1280)   Receiving objects:  93% (1191/1280)   Receiving objects:  94% (1204/1280)   Receiving objects:  95% (1216/1280)   remote: Total 1280 (delta 530), reused 1088 (delta 377)[K
Receiving objects:  96% (1229/1280)   Receiving objects:  97% (1242/1280)   Receiving objects:  98% (1255/1280)   Receiving objects:  99% (1268/1280)   Receiving objects: 100% (1280/1280)   Receiving objects: 100% (1280/1280), 261.69 KiB, done.
Resolving deltas:   0% (0/530)   Resolving deltas:   1% (8/530)   Resolving deltas:   2% (13/530)   Resolving deltas:   4% (22/530)   Resolving deltas:   6% (33/530)   Resolving deltas:   8% (45/530)   Resolving deltas:  10% (57/530)   Resolving deltas:  11% (63/530)   Resolving deltas:  12% (66/530)   Resolving deltas:  13% (69/530)   Resolving deltas:  16% (87/530)   Resolving deltas:  17% (91/530)   Resolving deltas:  19% (101/530)   Resolving deltas:  20% (109/530)   Resolving deltas:  23% (124/530)   Resolving deltas:  24% (128/530)   Resolving deltas:  25% (134/530)   Resolving deltas:  29% (156/530)   Resolving deltas:  30% (161/530)   Resolving deltas:  31% (165/530)   Resolving deltas:  32% (170/530)   Resolving deltas:  33% (176/530)   Resolving deltas:  34% (185/530)   Resolving deltas:  35% (189/530)   Resolving deltas:  38% (202/530)   Resolving deltas:  39% (208/530)   Resolving deltas:  40% (212/530)   Resolving deltas:  42% (224/530)   Resolving deltas:  43% (229/530)   Resolving deltas:  44% (238/530)   Resolving deltas:  45% (239/530)   Resolving deltas:  47% (254/530)   Resolving deltas:  48% (256/530)   Resolving deltas:  49% (262/530)   Resolving deltas:  50% (269/530)   Resolving deltas:  51% (272/530)   Resolving deltas:  52% (280/530)   Resolving deltas:  54% (289/530)   Resolving deltas:  58% (310/530)   Resolving deltas:  59% (316/530)   Resolving deltas:  62% (330/530)   Resolving deltas:  63% (335/530)   Resolving deltas:  64% (343/530)   Resolving deltas:  67% (356/530)   Resolving deltas:  68% (363/530)   Resolving deltas:  73% (388/530)   Resolving deltas:  77% (410/530)   Resolving deltas:  79% (422/530)   Resolving deltas:  80% (425/530)   Resolving deltas:  81% (433/530)   Resolving deltas:  82% (435/530)   Resolving deltas:  83% (442/530)   Resolving deltas:  84% (446/530)   Resolving deltas:  85% (453/530)   Resolving deltas:  86% (458/530)   Resolving deltas:  88% (468/530)   Resolving deltas:  89% (472/530)   Resolving deltas:  90% (477/530)   Resolving deltas:  91% (485/530)   Resolving deltas:  93% (495/530)   Resolving deltas:  94% (501/530)   Resolving deltas:  96% (510/530)   Resolving deltas:  97% (515/530)   Resolving deltas:  98% (520/530)   Resolving deltas:  99% (526/530)   Resolving deltas: 100% (530/530)   Resolving deltas: 100% (530/530), done.
travis_fold:end:git.1$ cd square/retrofit
travis_fold:start:git.2$ git checkout -qf e5a6738c3b52d8bcaf4952389dae702c8d6e0cfd
travis_fold:end:git.2$ java -version
java version "1.7.0_15"
OpenJDK Runtime Environment (IcedTea7 2.3.7) (7u15-2.3.7-0ubuntu1~12.04.1)
OpenJDK 64-Bit Server VM (build 23.7-b01, mixed mode)
$ javac -version
javac 1.7.0_15
travis_fold:start:install$ mvn install -DskipTests=true -B
[INFO] Scanning for projects...
Downloading: http://maven.mirrors.travis-ci.org/nexus/content/repositories/sonatype/org/sonatype/oss/oss-parent/7/oss-parent-7.pom
Downloading: https://repository.apache.org/releases/org/sonatype/oss/oss-parent/7/oss-parent-7.pom
Downloading: http://maven.mirrors.travis-ci.org/nexus/content/repositories/central/org/sonatype/oss/oss-parent/7/oss-parent-7.pom
Downloaded: http://maven.mirrors.travis-ci.org/nexus/content/repositories/central/org/sonatype/oss/oss-parent/7/oss-parent-7.pom (5 KB at 14.1 KB/sec)
[INFO] ------------------------------------------------------------------------
[INFO] Reactor Build Order:
[INFO] 
[INFO] Retrofit (Parent)
[INFO] Retrofit
[INFO] Samples
[INFO] Sample: GitHub Client
[INFO]                                                                         
[INFO] ------------------------------------------------------------------------
[INFO] Building Retrofit (Parent) 1.0.2-SNAPSHOT
[INFO] ------------------------------------------------------------------------
Downloading: http://maven.mirrors.travis-ci.org/nexus/content/repositories/central/org/apache/maven/plugins/maven-enforcer-plugin/1.0/maven-enforcer-plugin-1.0.pom
Downloaded: http://maven.mirrors.travis-ci.org/nexus/content/repositories/central/org/apache/maven/plugins/maven-enforcer-plugin/1.0/maven-enforcer-plugin-1.0.pom (7 KB at 20.3 KB/sec)
Downloading: http://maven.mirrors.travis-ci.org/nexus/content/repositories/central/org/apache/maven/enforcer/enforcer/1.0/enforcer-1.0.pom
Downloaded: http://maven.mirrors.travis-ci.org/nexus/content/repositories/central/org/apache/maven/enforcer/enforcer/1.0/enforcer-1.0.pom (12 KB at 27.7 KB/sec)
Downloading: http://maven.mirrors.travis-ci.org/nexus/content/repositories/central/org/apache/maven/maven-parent/17/maven-parent-17.pom
Downloaded: http://maven.mirrors.travis-ci.org/nexus/content/repositories/central/org/apache/maven/maven-parent/17/maven-parent-17.pom (25 KB at 48.6 KB/sec)
Downloading: http://maven.mirrors.travis-ci.org/nexus/content/repositories/central/org/apache/apache/7/apache-7.pom
Downloaded: http://maven.mirrors.travis-ci.org/nexus/content/repositories/central/org/apache/apache/7/apache-7.pom (15 KB at 35.0 KB/sec)
Downloading: http://maven.mirrors.travis-ci.org/nexus/content/repositories/central/org/apache/maven/plugins/maven-enforcer-plugin/1.0/maven-enforcer-plugin-1.0.jar
Downloaded: http://maven.mirrors.travis-ci.org/nexus/content/repositories/central/org/apache/maven/plugins/maven-enforcer-plugin/1.0/maven-enforcer-plugin-1.0.jar (22 KB at 49.3 KB/sec)
Downloading: http://maven.mirrors.travis-ci.org/nexus/content/repositories/central/org/apache/maven/plugins/maven-checkstyle-plugin/2.9.1/maven-checkstyle-plugin-2.9.1.pom
Downloaded: http://maven.mirrors.travis-ci.org/nexus/content/repositories/central/org/apache/maven/plugins/maven-checkstyle-plugin/2.9.1/maven-checkstyle-plugin-2.9.1.pom (10 KB at 22.4 KB/sec)
Downloading: http://maven.mirrors.travis-ci.org/nexus/content/repositories/central/org/apache/maven/plugins/maven-plugins/22/maven-plugins-22.pom
Downloaded: http://maven.mirrors.travis-ci.org/nexus/content/repositories/central/org/apache/maven/plugins/maven-plugins/22/maven-plugins-22.pom (13 KB at 29.5 KB/sec)
Downloading: http://maven.mirrors.travis-ci.org/nexus/content/repositories/central/org/apache/maven/maven-parent/21/maven-parent-21.pom
Downloaded: http://maven.mirrors.travis-ci.org/nexus/content/repositories/central/org/apache/maven/maven-parent/21/maven-parent-21.pom (26 KB at 49.4 KB/sec)
Downloading: http://maven.mirrors.travis-ci.org/nexus/content/repositories/central/org/apache/apache/10/apache-10.pom
Downloaded: http://maven.mirrors.travis-ci.org/nexus/content/repositories/central/org/apache/apache/10/apache-10.pom (15 KB at 35.9 KB/sec)
Downloading: http://maven.mirrors.travis-ci.org/nexus/content/repositories/central/org/apache/maven/plugins/maven-checkstyle-plugin/2.9.1/maven-checkstyle-plugin-2.9.1.jar
Downloaded: http://maven.mirrors.travis-ci.org/nexus/content/repositories/central/org/apache/maven/plugins/maven-checkstyle-plugin/2.9.1/maven-checkstyle-plugin-2.9.1.jar (85 KB at 122.3 KB/sec)
Downloading: http://maven.mirrors.travis-ci.org/nexus/content/repositories/central/org/apache/maven/plugins/maven-install-plugin/2.3/maven-install-plugin-2.3.pom
Downloaded: http://maven.mirrors.travis-ci.org/nexus/content/repositories/central/org/apache/maven/plugins/maven-install-plugin/2.3/maven-install-plugin-2.3.pom (5 KB at 16.1 KB/sec)
Downloading: http://maven.mirrors.travis-ci.org/nexus/content/repositories/central/org/apache/maven/plugins/maven-plugins/13/maven-plugins-13.pom
Downloaded: http://maven.mirrors.travis-ci.org/nexus/content/repositories/central/org/apache/maven/plugins/maven-plugins/13/maven-plugins-13.pom (12 KB at 28.9 KB/sec)
Downloading: http://maven.mirrors.travis-ci.org/nexus/content/repositories/central/org/apache/maven/maven-parent/11/maven-parent-11.pom
Downloaded: http://maven.mirrors.travis-ci.org/nexus/content/repositories/central/org/apache/maven/maven-parent/11/maven-parent-11.pom (32 KB at 63.3 KB/sec)
Downloading: http://maven.mirrors.travis-ci.org/nexus/content/repositories/central/org/apache/apache/5/apache-5.pom
Downloaded: http://maven.mirrors.travis-ci.org/nexus/content/repositories/central/org/apache/apache/5/apache-5.pom (5 KB at 12.9 KB/sec)
Downloading: http://maven.mirrors.travis-ci.org/nexus/content/repositories/central/org/apache/maven/plugins/maven-install-plugin/2.3/maven-install-plugin-2.3.jar
Downloaded: http://maven.mirrors.travis-ci.org/nexus/content/repositories/central/org/apache/maven/plugins/maven-install-plugin/2.3/maven-install-plugin-2.3.jar (23 KB at 55.9 KB/sec)
[INFO] 
[INFO] --- maven-enforcer-plugin:1.0:enforce (enforce-maven) @ parent ---
Downloading: http://maven.mirrors.travis-ci.org/nexus/content/repositories/central/org/apache/maven/maven-artifact/2.0.9/maven-artifact-2.0.9.pom
Downloaded: http://maven.mirrors.travis-ci.org/nexus/content/repositories/central/org/apache/maven/maven-artifact/2.0.9/maven-artifact-2.0.9.pom (2 KB at 5.2 KB/sec)
Downloading: http://maven.mirrors.travis-ci.org/nexus/content/repositories/central/org/apache/maven/maven/2.0.9/maven-2.0.9.pom
Downloaded: http://maven.mirrors.travis-ci.org/nexus/content/repositories/central/org/apache/maven/maven/2.0.9/maven-2.0.9.pom (19 KB at 44.0 KB/sec)
Downloading: http://maven.mirrors.travis-ci.org/nexus/content/repositories/central/org/apache/maven/maven-parent/8/maven-parent-8.pom
Downloaded: http://maven.mirrors.travis-ci.org/nexus/content/repositories/central/org/apache/maven/maven-parent/8/maven-parent-8.pom (24 KB at 45.4 KB/sec)
Downloading: http://maven.mirrors.travis-ci.org/nexus/content/repositories/central/org/apache/apache/4/apache-4.pom
Downloaded: http://maven.mirrors.travis-ci.org/nexus/content/repositories/central/org/apache/apache/4/apache-4.pom (5 KB at 13.4 KB/sec)
Downloading: http://maven.mirrors.travis-ci.org/nexus/content/repositories/central/org/codehaus/plexus/plexus-utils/1.5.8/plexus-utils-1.5.8.pom
Downloaded: http://maven.mirrors.travis-ci.org/nexus/content/repositories/central/org/codehaus/plexus/plexus-utils/1.5.8/plexus-utils-1.5.8.pom (8 KB at 23.9 KB/sec)
Downloading: http://maven.mirrors.travis-ci.org/nexus/content/repositories/central/org/codehaus/plexus/plexus/2.0.2/plexus-2.0.2.pom
Downloaded: http://maven.mirrors.travis-ci.org/nexus/content/repositories/central/org/codehaus/plexus/plexus/2.0.2/plexus-2.0.2.pom (12 KB at 28.5 KB/sec)
Downloading: http://maven.mirrors.travis-ci.org/nexus/content/repositories/central/org/apache/maven/maven-plugin-api/2.0.9/maven-plugin-api-2.0.9.pom
Downloaded: http://maven.mirrors.travis-ci.org/nexus/content/repositories/central/org/apache/maven/maven-plugin-api/2.0.9/maven-plugin-api-2.0.9.pom (2 KB at 4.8 KB/sec)
Downloading: http://maven.mirrors.travis-ci.org/nexus/content/repositories/central/org/apache/maven/maven-project/2.0.9/maven-project-2.0.9.pom
Downloaded: http://maven.mirrors.travis-ci.org/nexus/content/repositories/central/org/apache/maven/maven-project/2.0.9/maven-project-2.0.9.pom (3 KB at 7.8 KB/sec)
Downloading: http://maven.mirrors.travis-ci.org/nexus/content/repositories/central/org/apache/maven/maven-settings/2.0.9/maven-settings-2.0.9.pom
Downloaded: http://maven.mirrors.travis-ci.org/nexus/content/repositories/central/org/apache/maven/maven-settings/2.0.9/maven-settings-2.0.9.pom (3 KB at 6.6 KB/sec)
Downloading: http://maven.mirrors.travis-ci.org/nexus/content/repositories/central/org/apache/maven/maven-model/2.0.9/maven-model-2.0.9.pom
Downloaded: http://maven.mirrors.travis-ci.org/nexus/content/repositories/central/org/apache/maven/maven-model/2.0.9/maven-model-2.0.9.pom (4 KB at 9.4 KB/sec)
Downloading: http://maven.mirrors.travis-ci.org/nexus/content/repositories/central/org/codehaus/plexus/plexus-container-default/1.0-alpha-9-stable-1/plexus-container-default-1.0-alpha-9-stable-1.pom
Downloaded: http://maven.mirrors.travis-ci.org/nexus/content/repositories/central/org/codehaus/plexus/plexus-container-default/1.0-alpha-9-stable-1/plexus-container-default-1.0-alpha-9-stable-1.pom (4 KB at 12.0 KB/sec)
Downloading: http://maven.mirrors.travis-ci.org/nexus/content/repositories/central/org/codehaus/plexus/plexus-containers/1.0.3/plexus-containers-1.0.3.pom
Downloaded: http://maven.mirrors.travis-ci.org/nexus/content/repositories/central/org/codehaus/plexus/plexus-containers/1.0.3/plexus-containers-1.0.3.pom (492 B at 1.5 KB/sec)
Downloading: http://maven.mirrors.travis-ci.org/nexus/content/repositories/central/org/codehaus/plexus/plexus/1.0.4/plexus-1.0.4.pom
Downloaded: http://maven.mirrors.travis-ci.org/nexus/content/repositories/central/org/codehaus/plexus/plexus/1.0.4/plexus-1.0.4.pom (6 KB at 16.9 KB/sec)
Downloading: http://maven.mirrors.travis-ci.org/nexus/content/repositories/central/junit/junit/3.8.2/junit-3.8.2.pom
Downloaded: http://maven.mirrors.travis-ci.org/nexus/content/repositories/central/junit/junit/3.8.2/junit-3.8.2.pom (747 B at 2.3 KB/sec)
Downloading: http://maven.mirrors.travis-ci.org/nexus/content/repositories/central/classworlds/classworlds/1.1-alpha-2/classworlds-1.1-alpha-2.pom
Downloaded: http://maven.mirrors.travis-ci.org/nexus/content/repositories/central/classworlds/classworlds/1.1-alpha-2/classworlds-1.1-alpha-2.pom (4 KB at 9.3 KB/sec)
Downloading: http://maven.mirrors.travis-ci.org/nexus/content/repositories/central/org/apache/maven/maven-profile/2.0.9/maven-profile-2.0.9.pom
Downloaded: http://maven.mirrors.travis-ci.org/nexus/content/repositories/central/org/apache/maven/maven-profile/2.0.9/maven-profile-2.0.9.pom (3 KB at 6.2 KB/sec)
Downloading: http://maven.mirrors.travis-ci.org/nexus/content/repositories/central/org/apache/maven/maven-artifact-manager/2.0.9/maven-artifact-manager-2.0.9.pom
Downloaded: http://maven.mirrors.travis-ci.org/nexus/content/repositories/central/org/apache/maven/maven-artifact-manager/2.0.9/maven-artifact-manager-2.0.9.pom (3 KB at 8.2 KB/sec)
Downloading: http://maven.mirrors.travis-ci.org/nexus/content/repositories/central/org/apache/maven/maven-repository-metadata/2.0.9/maven-repository-metadata-2.0.9.pom
Downloaded: http://maven.mirrors.travis-ci.org/nexus/content/repositories/central/org/apache/maven/maven-repository-metadata/2.0.9/maven-repository-metadata-2.0.9.pom (2 KB at 6.1 KB/sec)
Downloading: http://maven.mirrors.travis-ci.org/nexus/content/repositories/central/org/apache/maven/maven-plugin-registry/2.0.9/maven-plugin-registry-2.0.9.pom
Downloaded: http://maven.mirrors.travis-ci.org/nexus/content/repositories/central/org/apache/maven/maven-plugin-registry/2.0.9/maven-plugin-registry-2.0.9.pom (2 KB at 6.3 KB/sec)
Downloading: http://maven.mirrors.travis-ci.org/nexus/content/repositories/central/org/apache/maven/maven-core/2.0.9/maven-core-2.0.9.pom
Downloaded: http://maven.mirrors.travis-ci.org/nexus/content/repositories/central/org/apache/maven/maven-core/2.0.9/maven-core-2.0.9.pom (8 KB at 24.3 KB/sec)
Downloading: http://maven.mirrors.travis-ci.org/nexus/content/repositories/central/org/apache/maven/maven-plugin-parameter-documenter/2.0.9/maven-plugin-parameter-documenter-2.0.9.pom
Downloaded: http://maven.mirrors.travis-ci.org/nexus/content/repositories/central/org/apache/maven/maven-plugin-parameter-documenter/2.0.9/maven-plugin-parameter-documenter-2.0.9.pom (2 KB at 6.2 KB/sec)
Downloading: http://maven.mirrors.travis-ci.org/nexus/content/repositories/central/org/apache/maven/reporting/maven-reporting-api/2.0.9/maven-reporting-api-2.0.9.pom
Downloaded: http://maven.mirrors.travis-ci.org/nexus/content/repositories/central/org/apache/maven/reporting/maven-reporting-api/2.0.9/maven-reporting-api-2.0.9.pom (2 KB at 5.5 KB/sec)
Downloading: http://maven.mirrors.travis-ci.org/nexus/content/repositories/central/org/apache/maven/reporting/maven-reporting/2.0.9/maven-reporting-2.0.9.pom
Downloaded: http://maven.mirrors.travis-ci.org/nexus/content/repositories/central/org/apache/maven/reporting/maven-reporting/2.0.9/maven-reporting-2.0.9.pom (2 KB at 4.5 KB/sec)
Downloading: http://maven.mirrors.travis-ci.org/nexus/content/repositories/central/org/apache/maven/doxia/doxia-sink-api/1.0-alpha-10/doxia-sink-api-1.0-alpha-10.pom
Downloaded: http://maven.mirrors.travis-ci.org/nexus/content/repositories/central/org/apache/maven/doxia/doxia-sink-api/1.0-alpha-10/doxia-sink-api-1.0-alpha-10.pom (2 KB at 4.1 KB/sec)
Downloading: http://maven.mirrors.travis-ci.org/nexus/content/repositories/central/org/apache/maven/doxia/doxia/1.0-alpha-10/doxia-1.0-alpha-10.pom
Downloaded: http://maven.mirrors.travis-ci.org/nexus/content/repositories/central/org/apache/maven/doxia/doxia/1.0-alpha-10/doxia-1.0-alpha-10.pom (9 KB at 21.5 KB/sec)
Downloading: http://maven.mirrors.travis-ci.org/nexus/content/repositories/central/org/apache/maven/maven-parent/6/maven-parent-6.pom
Downloaded: http://maven.mirrors.travis-ci.org/nexus/content/repositories/central/org/apache/maven/maven-parent/6/maven-parent-6.pom (20 KB at 48.1 KB/sec)
Downloading: http://maven.mirrors.travis-ci.org/nexus/content/repositories/central/org/apache/maven/maven-error-diagnostics/2.0.9/maven-error-diagnostics-2.0.9.pom
Downloaded: http://maven.mirrors.travis-ci.org/nexus/content/repositories/central/org/apache/maven/maven-error-diagnostics/2.0.9/maven-error-diagnostics-2.0.9.pom (2 KB at 5.6 KB/sec)
Downloading: http://maven.mirrors.travis-ci.org/nexus/content/repositories/central/commons-cli/commons-cli/1.0/commons-cli-1.0.pom
Downloaded: http://maven.mirrors.travis-ci.org/nexus/content/repositories/central/commons-cli/commons-cli/1.0/commons-cli-1.0.pom (3 KB at 6.8 KB/sec)
Downloading: http://maven.mirrors.travis-ci.org/nexus/content/repositories/central/org/apache/maven/maven-plugin-descriptor/2.0.9/maven-plugin-descriptor-2.0.9.pom
Downloaded: http://maven.mirrors.travis-ci.org/nexus/content/repositories/central/org/apache/maven/maven-plugin-descriptor/2.0.9/maven-plugin-descriptor-2.0.9.pom (3 KB at 6.7 KB/sec)
Downloading: http://maven.mirrors.travis-ci.org/nexus/content/repositories/central/org/codehaus/plexus/plexus-interactivity-api/1.0-alpha-4/plexus-interactivity-api-1.0-alpha-4.pom
Downloaded: http://maven.mirrors.travis-ci.org/nexus/content/repositories/central/org/codehaus/plexus/plexus-interactivity-api/1.0-alpha-4/plexus-interactivity-api-1.0-alpha-4.pom (7 KB at 22.6 KB/sec)
Downloading: http://maven.mirrors.travis-ci.org/nexus/content/repositories/central/org/apache/maven/maven-monitor/2.0.9/maven-monitor-2.0.9.pom
Downloaded: http://maven.mirrors.travis-ci.org/nexus/content/repositories/central/org/apache/maven/maven-monitor/2.0.9/maven-monitor-2.0.9.pom (2 KB at 4.1 KB/sec)
Downloading: http://maven.mirrors.travis-ci.org/nexus/content/repositories/central/classworlds/classworlds/1.1/classworlds-1.1.pom
Downloaded: http://maven.mirrors.travis-ci.org/nexus/content/repositories/central/classworlds/classworlds/1.1/classworlds-1.1.pom (4 KB at 10.6 KB/sec)
Downloading: http://maven.mirrors.travis-ci.org/nexus/content/repositories/central/commons-lang/commons-lang/2.3/commons-lang-2.3.pom
Downloaded: http://maven.mirrors.travis-ci.org/nexus/content/repositories/central/commons-lang/commons-lang/2.3/commons-lang-2.3.pom (11 KB at 26.0 KB/sec)
Downloading: http://maven.mirrors.travis-ci.org/nexus/content/repositories/central/org/apache/maven/enforcer/enforcer-api/1.0/enforcer-api-1.0.pom
Downloaded: http://maven.mirrors.travis-ci.org/nexus/content/repositories/central/org/apache/maven/enforcer/enforcer-api/1.0/enforcer-api-1.0.pom (4 KB at 10.3 KB/sec)
Downloading: http://maven.mirrors.travis-ci.org/nexus/content/repositories/central/org/codehaus/plexus/plexus-container-default/1.0-alpha-9/plexus-container-default-1.0-alpha-9.pom
Downloaded: http://maven.mirrors.travis-ci.org/nexus/content/repositories/central/org/codehaus/plexus/plexus-container-default/1.0-alpha-9/plexus-container-default-1.0-alpha-9.pom (2 KB at 3.8 KB/sec)
Downloading: http://maven.mirrors.travis-ci.org/nexus/content/repositories/central/org/apache/maven/enforcer/enforcer-rules/1.0/enforcer-rules-1.0.pom
Downloaded: http://maven.mirrors.travis-ci.org/nexus/content/repositories/central/org/apache/maven/enforcer/enforcer-rules/1.0/enforcer-rules-1.0.pom (5 KB at 12.5 KB/sec)
Downloading: http://maven.mirrors.travis-ci.org/nexus/content/repositories/central/org/apache/maven/shared/maven-common-artifact-filters/1.2/maven-common-artifact-filters-1.2.pom
Downloaded: http://maven.mirrors.travis-ci.org/nexus/content/repositories/central/org/apache/maven/shared/maven-common-artifact-filters/1.2/maven-common-artifact-filters-1.2.pom (5 KB at 13.7 KB/sec)
Downloading: http://maven.mirrors.travis-ci.org/nexus/content/repositories/central/org/apache/maven/shared/maven-shared-components/11/maven-shared-components-11.pom
Downloaded: http://maven.mirrors.travis-ci.org/nexus/content/repositories/central/org/apache/maven/shared/maven-shared-components/11/maven-shared-components-11.pom (9 KB at 19.6 KB/sec)
Downloading: http://maven.mirrors.travis-ci.org/nexus/content/repositories/central/org/apache/maven/maven-model/2.0.8/maven-model-2.0.8.pom
Downloaded: http://maven.mirrors.travis-ci.org/nexus/content/repositories/central/org/apache/maven/maven-model/2.0.8/maven-model-2.0.8.pom (4 KB at 10.0 KB/sec)
Downloading: http://maven.mirrors.travis-ci.org/nexus/content/repositories/central/org/apache/maven/maven/2.0.8/maven-2.0.8.pom
Downloaded: http://maven.mirrors.travis-ci.org/nexus/content/repositories/central/org/apache/maven/maven/2.0.8/maven-2.0.8.pom (12 KB at 27.7 KB/sec)
Downloading: http://maven.mirrors.travis-ci.org/nexus/content/repositories/central/org/apache/maven/shared/maven-plugin-testing-harness/1.1/maven-plugin-testing-harness-1.1.pom
Downloaded: http://maven.mirrors.travis-ci.org/nexus/content/repositories/central/org/apache/maven/shared/maven-plugin-testing-harness/1.1/maven-plugin-testing-harness-1.1.pom (7 KB at 20.2 KB/sec)
Downloading: http://maven.mirrors.travis-ci.org/nexus/content/repositories/central/org/apache/maven/shared/maven-shared-components/7/maven-shared-components-7.pom
Downloaded: http://maven.mirrors.travis-ci.org/nexus/content/repositories/central/org/apache/maven/shared/maven-shared-components/7/maven-shared-components-7.pom (3 KB at 8.3 KB/sec)
Downloading: http://maven.mirrors.travis-ci.org/nexus/content/repositories/central/org/apache/maven/maven-parent/5/maven-parent-5.pom
Downloaded: http://maven.mirrors.travis-ci.org/nexus/content/repositories/central/org/apache/maven/maven-parent/5/maven-parent-5.pom (15 KB at 37.5 KB/sec)
Downloading: http://maven.mirrors.travis-ci.org/nexus/content/repositories/central/org/apache/apache/3/apache-3.pom
Downloaded: http://maven.mirrors.travis-ci.org/nexus/content/repositories/central/org/apache/apache/3/apache-3.pom (4 KB at 10.5 KB/sec)
Downloading: http://maven.mirrors.travis-ci.org/nexus/content/repositories/central/org/codehaus/plexus/plexus-archiver/1.0-alpha-7/plexus-archiver-1.0-alpha-7.pom
Downloaded: http://maven.mirrors.travis-ci.org/nexus/content/repositories/central/org/codehaus/plexus/plexus-archiver/1.0-alpha-7/plexus-archiver-1.0-alpha-7.pom (2 KB at 3.2 KB/sec)
Downloading: http://maven.mirrors.travis-ci.org/nexus/content/repositories/central/org/codehaus/plexus/plexus-components/1.1.6/plexus-components-1.1.6.pom
Downloaded: http://maven.mirrors.travis-ci.org/nexus/content/repositories/central/org/codehaus/plexus/plexus-components/1.1.6/plexus-components-1.1.6.pom (2 KB at 5.8 KB/sec)
Downloading: http://maven.mirrors.travis-ci.org/nexus/content/repositories/central/org/codehaus/plexus/plexus/1.0.8/plexus-1.0.8.pom
Downloaded: http://maven.mirrors.travis-ci.org/nexus/content/repositories/central/org/codehaus/plexus/plexus/1.0.8/plexus-1.0.8.pom (8 KB at 21.1 KB/sec)
Downloading: http://maven.mirrors.travis-ci.org/nexus/content/repositories/central/org/codehaus/plexus/plexus-container-default/1.0-alpha-8/plexus-container-default-1.0-alpha-8.pom
Downloaded: http://maven.mirrors.travis-ci.org/nexus/content/repositories/central/org/codehaus/plexus/plexus-container-default/1.0-alpha-8/plexus-container-default-1.0-alpha-8.pom (8 KB at 22.0 KB/sec)
Downloading: http://maven.mirrors.travis-ci.org/nexus/content/repositories/central/org/beanshell/bsh/2.0b4/bsh-2.0b4.pom
Downloaded: http://maven.mirrors.travis-ci.org/nexus/content/repositories/central/org/beanshell/bsh/2.0b4/bsh-2.0b4.pom (2 KB at 3.7 KB/sec)
Downloading: http://maven.mirrors.travis-ci.org/nexus/content/repositories/central/org/beanshell/beanshell/2.0b4/beanshell-2.0b4.pom
Downloaded: http://maven.mirrors.travis-ci.org/nexus/content/repositories/central/org/beanshell/beanshell/2.0b4/beanshell-2.0b4.pom (2 KB at 4.5 KB/sec)
Downloading: http://maven.mirrors.travis-ci.org/nexus/content/repositories/central/org/apache/maven/shared/maven-dependency-tree/1.2/maven-dependency-tree-1.2.pom
Downloaded: http://maven.mirrors.travis-ci.org/nexus/content/repositories/central/org/apache/maven/shared/maven-dependency-tree/1.2/maven-dependency-tree-1.2.pom (4 KB at 11.0 KB/sec)
Downloading: http://maven.mirrors.travis-ci.org/nexus/content/repositories/central/org/apache/maven/shared/maven-shared-components/9/maven-shared-components-9.pom
Downloaded: http://maven.mirrors.travis-ci.org/nexus/content/repositories/central/org/apache/maven/shared/maven-shared-components/9/maven-shared-components-9.pom (4 KB at 10.7 KB/sec)
Downloading: http://maven.mirrors.travis-ci.org/nexus/content/repositories/central/org/codehaus/plexus/plexus-i18n/1.0-beta-6/plexus-i18n-1.0-beta-6.pom
Downloaded: http://maven.mirrors.travis-ci.org/nexus/content/repositories/central/org/codehaus/plexus/plexus-i18n/1.0-beta-6/plexus-i18n-1.0-beta-6.pom (771 B at 2.5 KB/sec)
Downloading: http://maven.mirrors.travis-ci.org/nexus/content/repositories/central/org/codehaus/plexus/plexus-components/1.1.4/plexus-components-1.1.4.pom
Downloaded: http://maven.mirrors.travis-ci.org/nexus/content/repositories/central/org/codehaus/plexus/plexus-components/1.1.4/plexus-components-1.1.4.pom (3 KB at 6.7 KB/sec)
Downloading: http://maven.mirrors.travis-ci.org/nexus/content/repositories/central/org/apache/maven/reporting/maven-reporting-api/2.0.9/maven-reporting-api-2.0.9.jar
Downloading: http://maven.mirrors.travis-ci.org/nexus/content/repositories/central/org/apache/maven/doxia/doxia-sink-api/1.0-alpha-10/doxia-sink-api-1.0-alpha-10.jar
Downloading: http://maven.mirrors.travis-ci.org/nexus/content/repositories/central/commons-cli/commons-cli/1.0/commons-cli-1.0.jar
Downloading: http://maven.mirrors.travis-ci.org/nexus/content/repositories/central/org/codehaus/plexus/plexus-interactivity-api/1.0-alpha-4/plexus-interactivity-api-1.0-alpha-4.jar
Downloading: http://maven.mirrors.travis-ci.org/nexus/content/repositories/central/org/codehaus/plexus/plexus-utils/1.5.8/plexus-utils-1.5.8.jar
Downloaded: http://maven.mirrors.travis-ci.org/nexus/content/repositories/central/org/apache/maven/reporting/maven-reporting-api/2.0.9/maven-reporting-api-2.0.9.jar (10 KB at 25.1 KB/sec)
Downloading: http://maven.mirrors.travis-ci.org/nexus/content/repositories/central/commons-lang/commons-lang/2.3/commons-lang-2.3.jar
Downloaded: http://maven.mirrors.travis-ci.org/nexus/content/repositories/central/org/codehaus/plexus/plexus-interactivity-api/1.0-alpha-4/plexus-interactivity-api-1.0-alpha-4.jar (14 KB at 33.1 KB/sec)
Downloading: http://maven.mirrors.travis-ci.org/nexus/content/repositories/central/org/apache/maven/enforcer/enforcer-api/1.0/enforcer-api-1.0.jar
Downloaded: http://maven.mirrors.travis-ci.org/nexus/content/repositories/central/org/apache/maven/doxia/doxia-sink-api/1.0-alpha-10/doxia-sink-api-1.0-alpha-10.jar (10 KB at 24.0 KB/sec)
Downloading: http://maven.mirrors.travis-ci.org/nexus/content/repositories/central/org/apache/maven/enforcer/enforcer-rules/1.0/enforcer-rules-1.0.jar
Downloaded: http://maven.mirrors.travis-ci.org/nexus/content/repositories/central/commons-cli/commons-cli/1.0/commons-cli-1.0.jar (30 KB at 49.4 KB/sec)
Downloading: http://maven.mirrors.travis-ci.org/nexus/content/repositories/central/org/apache/maven/shared/maven-common-artifact-filters/1.2/maven-common-artifact-filters-1.2.jar
Downloaded: http://maven.mirrors.travis-ci.org/nexus/content/repositories/central/org/apache/maven/enforcer/enforcer-api/1.0/enforcer-api-1.0.jar (10 KB at 46.5 KB/sec)
Downloading: http://maven.mirrors.travis-ci.org/nexus/content/repositories/central/org/beanshell/bsh/2.0b4/bsh-2.0b4.jar
Downloaded: http://maven.mirrors.travis-ci.org/nexus/content/repositories/central/org/apache/maven/enforcer/enforcer-rules/1.0/enforcer-rules-1.0.jar (60 KB at 119.6 KB/sec)
Downloading: http://maven.mirrors.travis-ci.org/nexus/content/repositories/central/org/apache/maven/shared/maven-dependency-tree/1.2/maven-dependency-tree-1.2.jar
Downloaded: http://maven.mirrors.travis-ci.org/nexus/content/repositories/central/org/apache/maven/shared/maven-common-artifact-filters/1.2/maven-common-artifact-filters-1.2.jar (31 KB at 62.0 KB/sec)
Downloading: http://maven.mirrors.travis-ci.org/nexus/content/repositories/central/org/codehaus/plexus/plexus-i18n/1.0-beta-6/plexus-i18n-1.0-beta-6.jar
Downloaded: http://maven.mirrors.travis-ci.org/nexus/content/repositories/central/org/apache/maven/shared/maven-dependency-tree/1.2/maven-dependency-tree-1.2.jar (34 KB at 107.5 KB/sec)
Downloaded: http://maven.mirrors.travis-ci.org/nexus/content/repositories/central/org/codehaus/plexus/plexus-i18n/1.0-beta-6/plexus-i18n-1.0-beta-6.jar (12 KB at 55.6 KB/sec)
Downloaded: http://maven.mirrors.travis-ci.org/nexus/content/repositories/central/commons-lang/commons-lang/2.3/commons-lang-2.3.jar (240 KB at 245.4 KB/sec)
Downloaded: http://maven.mirrors.travis-ci.org/nexus/content/repositories/central/org/beanshell/bsh/2.0b4/bsh-2.0b4.jar (276 KB at 258.5 KB/sec)
Downloaded: http://maven.mirrors.travis-ci.org/nexus/content/repositories/central/org/codehaus/plexus/plexus-utils/1.5.8/plexus-utils-1.5.8.jar (262 KB at 140.7 KB/sec)
[INFO] 
[INFO] --- maven-checkstyle-plugin:2.9.1:checkstyle (default) @ parent ---
Downloading: http://maven.mirrors.travis-ci.org/nexus/content/repositories/central/org/apache/maven/maven-artifact/2.2.1/maven-artifact-2.2.1.pom
Downloaded: http://maven.mirrors.travis-ci.org/nexus/content/repositories/central/org/apache/maven/maven-artifact/2.2.1/maven-artifact-2.2.1.pom (2 KB at 2.9 KB/sec)
Downloading: http://maven.mirrors.travis-ci.org/nexus/content/repositories/central/org/apache/maven/maven/2.2.1/maven-2.2.1.pom
Downloaded: http://maven.mirrors.travis-ci.org/nexus/content/repositories/central/org/apache/maven/maven/2.2.1/maven-2.2.1.pom (22 KB at 54.7 KB/sec)
Downloading: http://maven.mirrors.travis-ci.org/nexus/content/repositories/central/org/codehaus/plexus/plexus-utils/1.5.15/plexus-utils-1.5.15.pom
Downloaded: http://maven.mirrors.travis-ci.org/nexus/content/repositories/central/org/codehaus/plexus/plexus-utils/1.5.15/plexus-utils-1.5.15.pom (7 KB at 22.2 KB/sec)
Downloading: http://maven.mirrors.travis-ci.org/nexus/content/repositories/central/org/apache/maven/maven-model/2.2.1/maven-model-2.2.1.pom
Downloaded: http://maven.mirrors.travis-ci.org/nexus/content/repositories/central/org/apache/maven/maven-model/2.2.1/maven-model-2.2.1.pom (4 KB at 10.5 KB/sec)
Downloading: http://maven.mirrors.travis-ci.org/nexus/content/repositories/central/org/apache/maven/maven-plugin-api/2.2.1/maven-plugin-api-2.2.1.pom
Downloaded: http://maven.mirrors.travis-ci.org/nexus/content/repositories/central/org/apache/maven/maven-plugin-api/2.2.1/maven-plugin-api-2.2.1.pom (2 KB at 4.5 KB/sec)
Downloading: http://maven.mirrors.travis-ci.org/nexus/content/repositories/central/org/apache/maven/maven-project/2.2.1/maven-project-2.2.1.pom
Downloaded: http://maven.mirrors.travis-ci.org/nexus/content/repositories/central/org/apache/maven/maven-project/2.2.1/maven-project-2.2.1.pom (3 KB at 8.6 KB/sec)
Downloading: http://maven.mirrors.travis-ci.org/nexus/content/repositories/central/org/apache/maven/maven-settings/2.2.1/maven-settings-2.2.1.pom
Downloaded: http://maven.mirrors.travis-ci.org/nexus/content/repositories/central/org/apache/maven/maven-settings/2.2.1/maven-settings-2.2.1.pom (3 KB at 6.6 KB/sec)
Downloading: http://maven.mirrors.travis-ci.org/nexus/content/repositories/central/org/codehaus/plexus/plexus-interpolation/1.11/plexus-interpolation-1.11.pom
Downloaded: http://maven.mirrors.travis-ci.org/nexus/content/repositories/central/org/codehaus/plexus/plexus-interpolation/1.11/plexus-interpolation-1.11.pom (889 B at 2.7 KB/sec)
Downloading: http://maven.mirrors.travis-ci.org/nexus/content/repositories/central/org/codehaus/plexus/plexus-components/1.1.14/plexus-components-1.1.14.pom
Downloaded: http://maven.mirrors.travis-ci.org/nexus/content/repositories/central/org/codehaus/plexus/plexus-components/1.1.14/plexus-components-1.1.14.pom (6 KB at 19.0 KB/sec)
Downloading: http://maven.mirrors.travis-ci.org/nexus/content/repositories/central/junit/junit/3.8.1/junit-3.8.1.pom
Downloaded: http://maven.mirrors.travis-ci.org/nexus/content/repositories/central/junit/junit/3.8.1/junit-3.8.1.pom (998 B at 3.2 KB/sec)
Downloading: http://maven.mirrors.travis-ci.org/nexus/content/repositories/central/org/codehaus/plexus/plexus-utils/1.0.4/plexus-utils-1.0.4.pom
Downloaded: http://maven.mirrors.travis-ci.org/nexus/content/repositories/central/org/codehaus/plexus/plexus-utils/1.0.4/plexus-utils-1.0.4.pom (7 KB at 16.3 KB/sec)
Downloading: http://maven.mirrors.travis-ci.org/nexus/content/repositories/central/org/apache/maven/maven-profile/2.2.1/maven-profile-2.2.1.pom
Downloaded: http://maven.mirrors.travis-ci.org/nexus/content/repositories/central/org/apache/maven/maven-profile/2.2.1/maven-profile-2.2.1.pom (3 KB at 7.1 KB/sec)
Downloading: http://maven.mirrors.travis-ci.org/nexus/content/repositories/central/org/apache/maven/maven-artifact-manager/2.2.1/maven-artifact-manager-2.2.1.pom
Downloaded: http://maven.mirrors.travis-ci.org/nexus/content/repositories/central/org/apache/maven/maven-artifact-manager/2.2.1/maven-artifact-manager-2.2.1.pom (4 KB at 9.4 KB/sec)
Downloading: http://maven.mirrors.travis-ci.org/nexus/content/repositories/central/org/apache/maven/maven-repository-metadata/2.2.1/maven-repository-metadata-2.2.1.pom
Downloaded: http://maven.mirrors.travis-ci.org/nexus/content/repositories/central/org/apache/maven/maven-repository-metadata/2.2.1/maven-repository-metadata-2.2.1.pom (2 KB at 5.7 KB/sec)
Downloading: http://maven.mirrors.travis-ci.org/nexus/content/repositories/central/backport-util-concurrent/backport-util-concurrent/3.1/backport-util-concurrent-3.1.pom
Downloaded: http://maven.mirrors.travis-ci.org/nexus/content/repositories/central/backport-util-concurrent/backport-util-concurrent/3.1/backport-util-concurrent-3.1.pom (880 B at 2.7 KB/sec)
Downloading: http://maven.mirrors.travis-ci.org/nexus/content/repositories/central/org/apache/maven/maven-plugin-registry/2.2.1/maven-plugin-registry-2.2.1.pom
Downloaded: http://maven.mirrors.travis-ci.org/nexus/content/repositories/central/org/apache/maven/maven-plugin-registry/2.2.1/maven-plugin-registry-2.2.1.pom (2 KB at 5.8 KB/sec)
Downloading: http://maven.mirrors.travis-ci.org/nexus/content/repositories/central/org/apache/maven/reporting/maven-reporting-api/3.0/maven-reporting-api-3.0.pom
Downloaded: http://maven.mirrors.travis-ci.org/nexus/content/repositories/central/org/apache/maven/reporting/maven-reporting-api/3.0/maven-reporting-api-3.0.pom (3 KB at 7.3 KB/sec)
Downloading: http://maven.mirrors.travis-ci.org/nexus/content/repositories/central/org/apache/maven/shared/maven-shared-components/15/maven-shared-components-15.pom
Downloaded: http://maven.mirrors.travis-ci.org/nexus/content/repositories/central/org/apache/maven/shared/maven-shared-components/15/maven-shared-components-15.pom (10 KB at 21.7 KB/sec)
Downloading: http://maven.mirrors.travis-ci.org/nexus/content/repositories/central/org/apache/maven/maven-parent/16/maven-parent-16.pom
Downloaded: http://maven.mirrors.travis-ci.org/nexus/content/repositories/central/org/apache/maven/maven-parent/16/maven-parent-16.pom (23 KB at 44.0 KB/sec)
Downloading: http://maven.mirrors.travis-ci.org/nexus/content/repositories/central/org/apache/maven/doxia/doxia-sink-api/1.0/doxia-sink-api-1.0.pom
Downloaded: http://maven.mirrors.travis-ci.org/nexus/content/repositories/central/org/apache/maven/doxia/doxia-sink-api/1.0/doxia-sink-api-1.0.pom (2 KB at 4.3 KB/sec)
Downloading: http://maven.mirrors.travis-ci.org/nexus/content/repositories/central/org/apache/maven/doxia/doxia/1.0/doxia-1.0.pom
Downloaded: http://maven.mirrors.travis-ci.org/nexus/content/repositories/central/org/apache/maven/doxia/doxia/1.0/doxia-1.0.pom (10 KB at 23.7 KB/sec)
Downloading: http://maven.mirrors.travis-ci.org/nexus/content/repositories/central/org/apache/maven/maven-parent/10/maven-parent-10.pom
Downloaded: http://maven.mirrors.travis-ci.org/nexus/content/repositories/central/org/apache/maven/maven-parent/10/maven-parent-10.pom (31 KB at 62.7 KB/sec)
Downloading: http://maven.mirrors.travis-ci.org/nexus/content/repositories/central/org/apache/maven/reporting/maven-reporting-impl/2.2/maven-reporting-impl-2.2.pom
Downloaded: http://maven.mirrors.travis-ci.org/nexus/content/repositories/central/org/apache/maven/reporting/maven-reporting-impl/2.2/maven-reporting-impl-2.2.pom (5 KB at 15.5 KB/sec)
Downloading: http://maven.mirrors.travis-ci.org/nexus/content/repositories/central/org/apache/maven/shared/maven-shared-components/17/maven-shared-components-17.pom
Downloaded: http://maven.mirrors.travis-ci.org/nexus/content/repositories/central/org/apache/maven/shared/maven-shared-components/17/maven-shared-components-17.pom (9 KB at 21.3 KB/sec)
Downloading: http://maven.mirrors.travis-ci.org/nexus/content/repositories/central/org/apache/maven/doxia/doxia-sink-api/1.2/doxia-sink-api-1.2.pom
Downloaded: http://maven.mirrors.travis-ci.org/nexus/content/repositories/central/org/apache/maven/doxia/doxia-sink-api/1.2/doxia-sink-api-1.2.pom (2 KB at 5.1 KB/sec)
Downloading: http://maven.mirrors.travis-ci.org/nexus/content/repositories/central/org/apache/maven/doxia/doxia/1.2/doxia-1.2.pom
Downloaded: http://maven.mirrors.travis-ci.org/nexus/content/repositories/central/org/apache/maven/doxia/doxia/1.2/doxia-1.2.pom (19 KB at 44.3 KB/sec)
Downloading: http://maven.mirrors.travis-ci.org/nexus/content/repositories/central/org/apache/maven/maven-parent/19/maven-parent-19.pom
Downloaded: http://maven.mirrors.travis-ci.org/nexus/content/repositories/central/org/apache/maven/maven-parent/19/maven-parent-19.pom (25 KB at 47.4 KB/sec)
Downloading: http://maven.mirrors.travis-ci.org/nexus/content/repositories/central/org/apache/apache/9/apache-9.pom
Downloaded: http://maven.mirrors.travis-ci.org/nexus/content/repositories/central/org/apache/apache/9/apache-9.pom (15 KB at 35.6 KB/sec)
Downloading: http://maven.mirrors.travis-ci.org/nexus/content/repositories/central/org/apache/maven/doxia/doxia-logging-api/1.2/doxia-logging-api-1.2.pom
Downloaded: http://maven.mirrors.travis-ci.org/nexus/content/repositories/central/org/apache/maven/doxia/doxia-logging-api/1.2/doxia-logging-api-1.2.pom (2 KB at 5.2 KB/sec)
Downloading: http://maven.mirrors.travis-ci.org/nexus/content/repositories/central/org/codehaus/plexus/plexus-container-default/1.0-alpha-30/plexus-container-default-1.0-alpha-30.pom
Downloaded: http://maven.mirrors.travis-ci.org/nexus/content/repositories/central/org/codehaus/plexus/plexus-container-default/1.0-alpha-30/plexus-container-default-1.0-alpha-30.pom (4 KB at 10.7 KB/sec)
Downloading: http://maven.mirrors.travis-ci.org/nexus/content/repositories/central/org/codehaus/plexus/plexus-containers/1.0-alpha-30/plexus-containers-1.0-alpha-30.pom
Downloaded: http://maven.mirrors.travis-ci.org/nexus/content/repositories/central/org/codehaus/plexus/plexus-containers/1.0-alpha-30/plexus-containers-1.0-alpha-30.pom (2 KB at 6.2 KB/sec)
Downloading: http://maven.mirrors.travis-ci.org/nexus/content/repositories/central/org/codehaus/plexus/plexus/1.0.11/plexus-1.0.11.pom
Downloaded: http://maven.mirrors.travis-ci.org/nexus/content/repositories/central/org/codehaus/plexus/plexus/1.0.11/plexus-1.0.11.pom (9 KB at 22.1 KB/sec)
Downloading: http://maven.mirrors.travis-ci.org/nexus/content/repositories/central/org/codehaus/plexus/plexus-utils/1.4.5/plexus-utils-1.4.5.pom
Downloaded: http://maven.mirrors.travis-ci.org/nexus/content/repositories/central/org/codehaus/plexus/plexus-utils/1.4.5/plexus-utils-1.4.5.pom (3 KB at 7.4 KB/sec)
Downloading: http://maven.mirrors.travis-ci.org/nexus/content/repositories/central/org/codehaus/plexus/plexus-classworlds/1.2-alpha-9/plexus-classworlds-1.2-alpha-9.pom
Downloaded: http://maven.mirrors.travis-ci.org/nexus/content/repositories/central/org/codehaus/plexus/plexus-classworlds/1.2-alpha-9/plexus-classworlds-1.2-alpha-9.pom (4 KB at 10.4 KB/sec)
Downloading: http://maven.mirrors.travis-ci.org/nexus/content/repositories/central/org/codehaus/plexus/plexus/1.0.10/plexus-1.0.10.pom
Downloaded: http://maven.mirrors.travis-ci.org/nexus/content/repositories/central/org/codehaus/plexus/plexus/1.0.10/plexus-1.0.10.pom (9 KB at 26.8 KB/sec)
Downloading: http://maven.mirrors.travis-ci.org/nexus/content/repositories/central/org/apache/maven/doxia/doxia-core/1.2/doxia-core-1.2.pom
Downloaded: http://maven.mirrors.travis-ci.org/nexus/content/repositories/central/org/apache/maven/doxia/doxia-core/1.2/doxia-core-1.2.pom (4 KB at 12.1 KB/sec)
Downloading: http://maven.mirrors.travis-ci.org/nexus/content/repositories/central/org/codehaus/plexus/plexus-utils/2.0.5/plexus-utils-2.0.5.pom
Downloaded: http://maven.mirrors.travis-ci.org/nexus/content/repositories/central/org/codehaus/plexus/plexus-utils/2.0.5/plexus-utils-2.0.5.pom (4 KB at 10.7 KB/sec)
Downloading: http://maven.mirrors.travis-ci.org/nexus/content/repositories/central/org/codehaus/plexus/plexus/2.0.6/plexus-2.0.6.pom
Downloaded: http://maven.mirrors.travis-ci.org/nexus/content/repositories/central/org/codehaus/plexus/plexus/2.0.6/plexus-2.0.6.pom (17 KB at 40.5 KB/sec)
Downloading: http://maven.mirrors.travis-ci.org/nexus/content/repositories/central/xerces/xercesImpl/2.9.1/xercesImpl-2.9.1.pom
Downloaded: http://maven.mirrors.travis-ci.org/nexus/content/repositories/central/xerces/xercesImpl/2.9.1/xercesImpl-2.9.1.pom (2 KB at 4.4 KB/sec)
Downloading: http://maven.mirrors.travis-ci.org/nexus/content/repositories/central/xml-apis/xml-apis/1.3.04/xml-apis-1.3.04.pom
Downloaded: http://maven.mirrors.travis-ci.org/nexus/content/repositories/central/xml-apis/xml-apis/1.3.04/xml-apis-1.3.04.pom (2 KB at 5.8 KB/sec)
Downloading: http://maven.mirrors.travis-ci.org/nexus/content/repositories/central/commons-lang/commons-lang/2.4/commons-lang-2.4.pom
Downloaded: http://maven.mirrors.travis-ci.org/nexus/content/repositories/central/commons-lang/commons-lang/2.4/commons-lang-2.4.pom (14 KB at 34.5 KB/sec)
Downloading: http://maven.mirrors.travis-ci.org/nexus/content/repositories/central/org/apache/commons/commons-parent/9/commons-parent-9.pom
Downloaded: http://maven.mirrors.travis-ci.org/nexus/content/repositories/central/org/apache/commons/commons-parent/9/commons-parent-9.pom (22 KB at 53.7 KB/sec)
Downloading: http://maven.mirrors.travis-ci.org/nexus/content/repositories/central/org/apache/httpcomponents/httpclient/4.0.2/httpclient-4.0.2.pom
Downloaded: http://maven.mirrors.travis-ci.org/nexus/content/repositories/central/org/apache/httpcomponents/httpclient/4.0.2/httpclient-4.0.2.pom (8 KB at 22.7 KB/sec)
Downloading: http://maven.mirrors.travis-ci.org/nexus/content/repositories/central/org/apache/httpcomponents/httpcomponents-client/4.0.2/httpcomponents-client-4.0.2.pom
Downloaded: http://maven.mirrors.travis-ci.org/nexus/content/repositories/central/org/apache/httpcomponents/httpcomponents-client/4.0.2/httpcomponents-client-4.0.2.pom (9 KB at 21.0 KB/sec)
Downloading: http://maven.mirrors.travis-ci.org/nexus/content/repositories/central/org/apache/httpcomponents/project/4.1/project-4.1.pom
Downloaded: http://maven.mirrors.travis-ci.org/nexus/content/repositories/central/org/apache/httpcomponents/project/4.1/project-4.1.pom (16 KB at 37.9 KB/sec)
Downloading: http://maven.mirrors.travis-ci.org/nexus/content/repositories/central/org/apache/httpcomponents/httpcore/4.0.1/httpcore-4.0.1.pom
Downloaded: http://maven.mirrors.travis-ci.org/nexus/content/repositories/central/org/apache/httpcomponents/httpcore/4.0.1/httpcore-4.0.1.pom (5 KB at 14.5 KB/sec)
Downloading: http://maven.mirrors.travis-ci.org/nexus/content/repositories/central/org/apache/httpcomponents/httpcomponents-core/4.0.1/httpcomponents-core-4.0.1.pom
Downloaded: http://maven.mirrors.travis-ci.org/nexus/content/repositories/central/org/apache/httpcomponents/httpcomponents-core/4.0.1/httpcomponents-core-4.0.1.pom (10 KB at 23.0 KB/sec)
Downloading: http://maven.mirrors.travis-ci.org/nexus/content/repositories/central/org/apache/httpcomponents/project/4.0/project-4.0.pom
Downloaded: http://maven.mirrors.travis-ci.org/nexus/content/repositories/central/org/apache/httpcomponents/project/4.0/project-4.0.pom (13 KB at 30.8 KB/sec)
Downloading: http://maven.mirrors.travis-ci.org/nexus/content/repositories/central/commons-logging/commons-logging/1.1.1/commons-logging-1.1.1.pom
Downloaded: http://maven.mirrors.travis-ci.org/nexus/content/repositories/central/commons-logging/commons-logging/1.1.1/commons-logging-1.1.1.pom (18 KB at 45.6 KB/sec)
Downloading: http://maven.mirrors.travis-ci.org/nexus/content/repositories/central/org/apache/commons/commons-parent/5/commons-parent-5.pom
Downloaded: http://maven.mirrors.travis-ci.org/nexus/content/repositories/central/org/apache/commons/commons-parent/5/commons-parent-5.pom (16 KB at 39.8 KB/sec)
Downloading: http://maven.mirrors.travis-ci.org/nexus/content/repositories/central/commons-codec/commons-codec/1.3/commons-codec-1.3.pom
Downloaded: http://maven.mirrors.travis-ci.org/nexus/content/repositories/central/commons-codec/commons-codec/1.3/commons-codec-1.3.pom (6 KB at 18.3 KB/sec)
Downloading: http://maven.mirrors.travis-ci.org/nexus/content/repositories/central/org/apache/maven/doxia/doxia-site-renderer/1.2/doxia-site-renderer-1.2.pom
Downloaded: http://maven.mirrors.travis-ci.org/nexus/content/repositories/central/org/apache/maven/doxia/doxia-site-renderer/1.2/doxia-site-renderer-1.2.pom (7 KB at 18.9 KB/sec)
Downloading: http://maven.mirrors.travis-ci.org/nexus/content/repositories/central/org/apache/maven/doxia/doxia-sitetools/1.2/doxia-sitetools-1.2.pom
Downloaded: http://maven.mirrors.travis-ci.org/nexus/content/repositories/central/org/apache/maven/doxia/doxia-sitetools/1.2/doxia-sitetools-1.2.pom (16 KB at 36.9 KB/sec)
Downloading: http://maven.mirrors.travis-ci.org/nexus/content/repositories/central/org/apache/maven/doxia/doxia-decoration-model/1.2/doxia-decoration-model-1.2.pom
Downloaded: http://maven.mirrors.travis-ci.org/nexus/content/repositories/central/org/apache/maven/doxia/doxia-decoration-model/1.2/doxia-decoration-model-1.2.pom (3 KB at 9.4 KB/sec)
Downloading: http://maven.mirrors.travis-ci.org/nexus/content/repositories/central/org/apache/maven/doxia/doxia-module-xhtml/1.2/doxia-module-xhtml-1.2.pom
Downloaded: http://maven.mirrors.travis-ci.org/nexus/content/repositories/central/org/apache/maven/doxia/doxia-module-xhtml/1.2/doxia-module-xhtml-1.2.pom (2 KB at 5.7 KB/sec)
Downloading: http://maven.mirrors.travis-ci.org/nexus/content/repositories/central/org/apache/maven/doxia/doxia-modules/1.2/doxia-modules-1.2.pom
Downloaded: http://maven.mirrors.travis-ci.org/nexus/content/repositories/central/org/apache/maven/doxia/doxia-modules/1.2/doxia-modules-1.2.pom (3 KB at 7.7 KB/sec)
Downloading: http://maven.mirrors.travis-ci.org/nexus/content/repositories/central/org/apache/maven/doxia/doxia-module-fml/1.2/doxia-module-fml-1.2.pom
Downloaded: http://maven.mirrors.travis-ci.org/nexus/content/repositories/central/org/apache/maven/doxia/doxia-module-fml/1.2/doxia-module-fml-1.2.pom (6 KB at 17.3 KB/sec)
Downloading: http://maven.mirrors.travis-ci.org/nexus/content/repositories/central/org/codehaus/plexus/plexus-i18n/1.0-beta-7/plexus-i18n-1.0-beta-7.pom
Downloaded: http://maven.mirrors.travis-ci.org/nexus/content/repositories/central/org/codehaus/plexus/plexus-i18n/1.0-beta-7/plexus-i18n-1.0-beta-7.pom (2 KB at 3.4 KB/sec)
Downloading: http://maven.mirrors.travis-ci.org/nexus/content/repositories/central/org/codehaus/plexus/plexus-components/1.1.12/plexus-components-1.1.12.pom
Downloaded: http://maven.mirrors.travis-ci.org/nexus/content/repositories/central/org/codehaus/plexus/plexus-components/1.1.12/plexus-components-1.1.12.pom (3 KB at 9.6 KB/sec)
Downloading: http://maven.mirrors.travis-ci.org/nexus/content/repositories/central/org/codehaus/plexus/plexus-utils/1.4.1/plexus-utils-1.4.1.pom
Downloaded: http://maven.mirrors.travis-ci.org/nexus/content/repositories/central/org/codehaus/plexus/plexus-utils/1.4.1/plexus-utils-1.4.1.pom (2 KB at 6.2 KB/sec)
Downloading: http://maven.mirrors.travis-ci.org/nexus/content/repositories/central/org/codehaus/plexus/plexus-velocity/1.1.7/plexus-velocity-1.1.7.pom
Downloaded: http://maven.mirrors.travis-ci.org/nexus/content/repositories/central/org/codehaus/plexus/plexus-velocity/1.1.7/plexus-velocity-1.1.7.pom (2 KB at 6.4 KB/sec)
Downloading: http://maven.mirrors.travis-ci.org/nexus/content/repositories/central/org/codehaus/plexus/plexus-container-default/1.0-alpha-20/plexus-container-default-1.0-alpha-20.pom
Downloaded: http://maven.mirrors.travis-ci.org/nexus/content/repositories/central/org/codehaus/plexus/plexus-container-default/1.0-alpha-20/plexus-container-default-1.0-alpha-20.pom (3 KB at 9.0 KB/sec)
Downloading: http://maven.mirrors.travis-ci.org/nexus/content/repositories/central/org/codehaus/plexus/plexus-containers/1.0-alpha-20/plexus-containers-1.0-alpha-20.pom
Downloaded: http://maven.mirrors.travis-ci.org/nexus/content/repositories/central/org/codehaus/plexus/plexus-containers/1.0-alpha-20/plexus-containers-1.0-alpha-20.pom (2 KB at 5.8 KB/sec)
Downloading: http://maven.mirrors.travis-ci.org/nexus/content/repositories/central/org/codehaus/plexus/plexus-utils/1.3/plexus-utils-1.3.pom
Downloaded: http://maven.mirrors.travis-ci.org/nexus/content/repositories/central/org/codehaus/plexus/plexus-utils/1.3/plexus-utils-1.3.pom (2 KB at 3.2 KB/sec)
Downloading: http://maven.mirrors.travis-ci.org/nexus/content/repositories/central/org/codehaus/plexus/plexus-classworlds/1.2-alpha-7/plexus-classworlds-1.2-alpha-7.pom
Downloaded: http://maven.mirrors.travis-ci.org/nexus/content/repositories/central/org/codehaus/plexus/plexus-classworlds/1.2-alpha-7/plexus-classworlds-1.2-alpha-7.pom (3 KB at 7.2 KB/sec)
Downloading: http://maven.mirrors.travis-ci.org/nexus/content/repositories/central/org/codehaus/plexus/plexus/1.0.9/plexus-1.0.9.pom
Downloaded: http://maven.mirrors.travis-ci.org/nexus/content/repositories/central/org/codehaus/plexus/plexus/1.0.9/plexus-1.0.9.pom (8 KB at 25.0 KB/sec)
Downloading: http://maven.mirrors.travis-ci.org/nexus/content/repositories/central/org/apache/velocity/velocity/1.5/velocity-1.5.pom
Downloaded: http://maven.mirrors.travis-ci.org/nexus/content/repositories/central/org/apache/velocity/velocity/1.5/velocity-1.5.pom (8 KB at 24.9 KB/sec)
Downloading: http://maven.mirrors.travis-ci.org/nexus/content/repositories/central/commons-collections/commons-collections/3.1/commons-collections-3.1.pom
Downloaded: http://maven.mirrors.travis-ci.org/nexus/content/repositories/central/commons-collections/commons-collections/3.1/commons-collections-3.1.pom (6 KB at 19.5 KB/sec)
Downloading: http://maven.mirrors.travis-ci.org/nexus/content/repositories/central/commons-lang/commons-lang/2.1/commons-lang-2.1.pom
Downloaded: http://maven.mirrors.travis-ci.org/nexus/content/repositories/central/commons-lang/commons-lang/2.1/commons-lang-2.1.pom (10 KB at 24.8 KB/sec)
Downloading: http://maven.mirrors.travis-ci.org/nexus/content/repositories/central/oro/oro/2.0.8/oro-2.0.8.pom
Downloaded: http://maven.mirrors.travis-ci.org/nexus/content/repositories/central/oro/oro/2.0.8/oro-2.0.8.pom (140 B at 0.4 KB/sec)
Downloading: http://maven.mirrors.travis-ci.org/nexus/content/repositories/central/commons-collections/commons-collections/3.2.1/commons-collections-3.2.1.pom
Downloaded: http://maven.mirrors.travis-ci.org/nexus/content/repositories/central/commons-collections/commons-collections/3.2.1/commons-collections-3.2.1.pom (13 KB at 29.5 KB/sec)
Downloading: http://maven.mirrors.travis-ci.org/nexus/content/repositories/central/commons-validator/commons-validator/1.3.1/commons-validator-1.3.1.pom
Downloaded: http://maven.mirrors.travis-ci.org/nexus/content/repositories/central/commons-validator/commons-validator/1.3.1/commons-validator-1.3.1.pom (9 KB at 21.3 KB/sec)
Downloading: http://maven.mirrors.travis-ci.org/nexus/content/repositories/central/commons-beanutils/commons-beanutils/1.7.0/commons-beanutils-1.7.0.pom
Downloaded: http://maven.mirrors.travis-ci.org/nexus/content/repositories/central/commons-beanutils/commons-beanutils/1.7.0/commons-beanutils-1.7.0.pom (357 B at 1.1 KB/sec)
Downloading: http://maven.mirrors.travis-ci.org/nexus/content/repositories/central/commons-logging/commons-logging/1.0.3/commons-logging-1.0.3.pom
Downloaded: http://maven.mirrors.travis-ci.org/nexus/content/repositories/central/commons-logging/commons-logging/1.0.3/commons-logging-1.0.3.pom (866 B at 2.7 KB/sec)
Downloading: http://maven.mirrors.travis-ci.org/nexus/content/repositories/central/commons-digester/commons-digester/1.6/commons-digester-1.6.pom
Downloaded: http://maven.mirrors.travis-ci.org/nexus/content/repositories/central/commons-digester/commons-digester/1.6/commons-digester-1.6.pom (974 B at 2.9 KB/sec)
Downloading: http://maven.mirrors.travis-ci.org/nexus/content/repositories/central/commons-beanutils/commons-beanutils/1.6/commons-beanutils-1.6.pom
Downloaded: http://maven.mirrors.travis-ci.org/nexus/content/repositories/central/commons-beanutils/commons-beanutils/1.6/commons-beanutils-1.6.pom (3 KB at 7.1 KB/sec)
Downloading: http://maven.mirrors.travis-ci.org/nexus/content/repositories/central/commons-logging/commons-logging/1.0/commons-logging-1.0.pom
Downloaded: http://maven.mirrors.travis-ci.org/nexus/content/repositories/central/commons-logging/commons-logging/1.0/commons-logging-1.0.pom (163 B at 0.5 KB/sec)
Downloading: http://maven.mirrors.travis-ci.org/nexus/content/repositories/central/commons-collections/commons-collections/2.0/commons-collections-2.0.pom
Downloaded: http://maven.mirrors.travis-ci.org/nexus/content/repositories/central/commons-collections/commons-collections/2.0/commons-collections-2.0.pom (171 B at 0.5 KB/sec)
Downloading: http://maven.mirrors.travis-ci.org/nexus/content/repositories/central/commons-collections/commons-collections/2.1/commons-collections-2.1.pom
Downloaded: http://maven.mirrors.travis-ci.org/nexus/content/repositories/central/commons-collections/commons-collections/2.1/commons-collections-2.1.pom (4 KB at 10.8 KB/sec)
Downloading: http://maven.mirrors.travis-ci.org/nexus/content/repositories/central/xml-apis/xml-apis/1.0.b2/xml-apis-1.0.b2.pom
Downloaded: http://maven.mirrors.travis-ci.org/nexus/content/repositories/central/xml-apis/xml-apis/1.0.b2/xml-apis-1.0.b2.pom (3 KB at 7.3 KB/sec)
Downloading: http://maven.mirrors.travis-ci.org/nexus/content/repositories/central/commons-logging/commons-logging/1.0.4/commons-logging-1.0.4.pom
Downloaded: http://maven.mirrors.travis-ci.org/nexus/content/repositories/central/commons-logging/commons-logging/1.0.4/commons-logging-1.0.4.pom (6 KB at 17.2 KB/sec)
Downloading: http://maven.mirrors.travis-ci.org/nexus/content/repositories/central/org/apache/maven/doxia/doxia-sink-api/1.1.3/doxia-sink-api-1.1.3.pom
Downloaded: http://maven.mirrors.travis-ci.org/nexus/content/repositories/central/org/apache/maven/doxia/doxia-sink-api/1.1.3/doxia-sink-api-1.1.3.pom (2 KB at 5.1 KB/sec)
Downloading: http://maven.mirrors.travis-ci.org/nexus/content/repositories/central/org/apache/maven/doxia/doxia/1.1.3/doxia-1.1.3.pom
Downloaded: http://maven.mirrors.travis-ci.org/nexus/content/repositories/central/org/apache/maven/doxia/doxia/1.1.3/doxia-1.1.3.pom (19 KB at 45.5 KB/sec)
Downloading: http://maven.mirrors.travis-ci.org/nexus/content/repositories/central/org/apache/maven/doxia/doxia-logging-api/1.1.3/doxia-logging-api-1.1.3.pom
Downloaded: http://maven.mirrors.travis-ci.org/nexus/content/repositories/central/org/apache/maven/doxia/doxia-logging-api/1.1.3/doxia-logging-api-1.1.3.pom (2 KB at 4.7 KB/sec)
Downloading: http://maven.mirrors.travis-ci.org/nexus/content/repositories/central/org/apache/maven/doxia/doxia-decoration-model/1.1.3/doxia-decoration-model-1.1.3.pom
Downloaded: http://maven.mirrors.travis-ci.org/nexus/content/repositories/central/org/apache/maven/doxia/doxia-decoration-model/1.1.3/doxia-decoration-model-1.1.3.pom (3 KB at 9.2 KB/sec)
Downloading: http://maven.mirrors.travis-ci.org/nexus/content/repositories/central/org/apache/maven/doxia/doxia-sitetools/1.1.3/doxia-sitetools-1.1.3.pom
Downloaded: http://maven.mirrors.travis-ci.org/nexus/content/repositories/central/org/apache/maven/doxia/doxia-sitetools/1.1.3/doxia-sitetools-1.1.3.pom (16 KB at 23.8 KB/sec)
Downloading: http://maven.mirrors.travis-ci.org/nexus/content/repositories/central/org/codehaus/plexus/plexus-utils/1.5.12/plexus-utils-1.5.12.pom
Downloaded: http://maven.mirrors.travis-ci.org/nexus/content/repositories/central/org/codehaus/plexus/plexus-utils/1.5.12/plexus-utils-1.5.12.pom (6 KB at 17.4 KB/sec)
Downloading: http://maven.mirrors.travis-ci.org/nexus/content/repositories/central/org/apache/maven/doxia/doxia-site-renderer/1.1.3/doxia-site-renderer-1.1.3.pom
Downloaded: http://maven.mirrors.travis-ci.org/nexus/content/repositories/central/org/apache/maven/doxia/doxia-site-renderer/1.1.3/doxia-site-renderer-1.1.3.pom (6 KB at 19.5 KB/sec)
Downloading: http://maven.mirrors.travis-ci.org/nexus/content/repositories/central/org/apache/maven/doxia/doxia-core/1.1.3/doxia-core-1.1.3.pom
Downloaded: http://maven.mirrors.travis-ci.org/nexus/content/repositories/central/org/apache/maven/doxia/doxia-core/1.1.3/doxia-core-1.1.3.pom (4 KB at 11.5 KB/sec)
Downloading: http://maven.mirrors.travis-ci.org/nexus/content/repositories/central/commons-httpclient/commons-httpclient/3.1/commons-httpclient-3.1.pom
Downloaded: http://maven.mirrors.travis-ci.org/nexus/content/repositories/central/commons-httpclient/commons-httpclient/3.1/commons-httpclient-3.1.pom (8 KB at 25.4 KB/sec)
Downloading: http://maven.mirrors.travis-ci.org/nexus/content/repositories/central/commons-codec/commons-codec/1.2/commons-codec-1.2.pom
Downloaded: http://maven.mirrors.travis-ci.org/nexus/content/repositories/central/commons-codec/commons-codec/1.2/commons-codec-1.2.pom (4 KB at 12.4 KB/sec)
Downloading: http://maven.mirrors.travis-ci.org/nexus/content/repositories/central/org/apache/maven/doxia/doxia-module-xhtml/1.1.3/doxia-module-xhtml-1.1.3.pom
Downloaded: http://maven.mirrors.travis-ci.org/nexus/content/repositories/central/org/apache/maven/doxia/doxia-module-xhtml/1.1.3/doxia-module-xhtml-1.1.3.pom (2 KB at 5.2 KB/sec)
Downloading: http://maven.mirrors.travis-ci.org/nexus/content/repositories/central/org/apache/maven/doxia/doxia-modules/1.1.3/doxia-modules-1.1.3.pom
Downloaded: http://maven.mirrors.travis-ci.org/nexus/content/repositories/central/org/apache/maven/doxia/doxia-modules/1.1.3/doxia-modules-1.1.3.pom (3 KB at 7.9 KB/sec)
Downloading: http://maven.mirrors.travis-ci.org/nexus/content/repositories/central/org/apache/maven/doxia/doxia-module-fml/1.1.3/doxia-module-fml-1.1.3.pom
Downloaded: http://maven.mirrors.travis-ci.org/nexus/content/repositories/central/org/apache/maven/doxia/doxia-module-fml/1.1.3/doxia-module-fml-1.1.3.pom (6 KB at 17.8 KB/sec)
Downloading: http://maven.mirrors.travis-ci.org/nexus/content/repositories/central/commons-collections/commons-collections/3.2/commons-collections-3.2.pom
Downloaded: http://maven.mirrors.travis-ci.org/nexus/content/repositories/central/commons-collections/commons-collections/3.2/commons-collections-3.2.pom (11 KB at 25.5 KB/sec)
Downloading: http://maven.mirrors.travis-ci.org/nexus/content/repositories/central/org/apache/maven/shared/maven-doxia-tools/1.2.1/maven-doxia-tools-1.2.1.pom
Downloaded: http://maven.mirrors.travis-ci.org/nexus/content/repositories/central/org/apache/maven/shared/maven-doxia-tools/1.2.1/maven-doxia-tools-1.2.1.pom (7 KB at 20.3 KB/sec)
Downloading: http://maven.mirrors.travis-ci.org/nexus/content/repositories/central/commons-io/commons-io/1.4/commons-io-1.4.pom
Downloaded: http://maven.mirrors.travis-ci.org/nexus/content/repositories/central/commons-io/commons-io/1.4/commons-io-1.4.pom (13 KB at 32.3 KB/sec)
Downloading: http://maven.mirrors.travis-ci.org/nexus/content/repositories/central/org/apache/commons/commons-parent/7/commons-parent-7.pom
Downloaded: http://maven.mirrors.travis-ci.org/nexus/content/repositories/central/org/apache/commons/commons-parent/7/commons-parent-7.pom (18 KB at 43.3 KB/sec)
Downloading: http://maven.mirrors.travis-ci.org/nexus/content/repositories/central/org/apache/maven/maven-artifact/2.0.6/maven-artifact-2.0.6.pom
Downloaded: http://maven.mirrors.travis-ci.org/nexus/content/repositories/central/org/apache/maven/maven-artifact/2.0.6/maven-artifact-2.0.6.pom (2 KB at 5.1 KB/sec)
Downloading: http://maven.mirrors.travis-ci.org/nexus/content/repositories/central/org/apache/maven/maven/2.0.6/maven-2.0.6.pom
Downloaded: http://maven.mirrors.travis-ci.org/nexus/content/repositories/central/org/apache/maven/maven/2.0.6/maven-2.0.6.pom (9 KB at 22.5 KB/sec)
Downloading: http://maven.mirrors.travis-ci.org/nexus/content/repositories/central/org/apache/maven/maven-artifact-manager/2.0.6/maven-artifact-manager-2.0.6.pom
Downloaded: http://maven.mirrors.travis-ci.org/nexus/content/repositories/central/org/apache/maven/maven-artifact-manager/2.0.6/maven-artifact-manager-2.0.6.pom (3 KB at 8.5 KB/sec)
Downloading: http://maven.mirrors.travis-ci.org/nexus/content/repositories/central/org/apache/maven/maven-repository-metadata/2.0.6/maven-repository-metadata-2.0.6.pom
Downloaded: http://maven.mirrors.travis-ci.org/nexus/content/repositories/central/org/apache/maven/maven-repository-metadata/2.0.6/maven-repository-metadata-2.0.6.pom (2 KB at 5.7 KB/sec)
Downloading: http://maven.mirrors.travis-ci.org/nexus/content/repositories/central/org/apache/maven/maven-model/2.0.6/maven-model-2.0.6.pom
Downloaded: http://maven.mirrors.travis-ci.org/nexus/content/repositories/central/org/apache/maven/maven-model/2.0.6/maven-model-2.0.6.pom (3 KB at 9.2 KB/sec)
Downloading: http://maven.mirrors.travis-ci.org/nexus/content/repositories/central/org/apache/maven/maven-project/2.0.6/maven-project-2.0.6.pom
Downloaded: http://maven.mirrors.travis-ci.org/nexus/content/repositories/central/org/apache/maven/maven-project/2.0.6/maven-project-2.0.6.pom (3 KB at 8.0 KB/sec)
Downloading: http://maven.mirrors.travis-ci.org/nexus/content/repositories/central/org/apache/maven/maven-settings/2.0.6/maven-settings-2.0.6.pom
Downloaded: http://maven.mirrors.travis-ci.org/nexus/content/repositories/central/org/apache/maven/maven-settings/2.0.6/maven-settings-2.0.6.pom (2 KB at 6.2 KB/sec)
Downloading: http://maven.mirrors.travis-ci.org/nexus/content/repositories/central/org/apache/maven/maven-profile/2.0.6/maven-profile-2.0.6.pom
Downloaded: http://maven.mirrors.travis-ci.org/nexus/content/repositories/central/org/apache/maven/maven-profile/2.0.6/maven-profile-2.0.6.pom (2 KB at 6.4 KB/sec)
Downloading: http://maven.mirrors.travis-ci.org/nexus/content/repositories/central/org/apache/maven/maven-plugin-registry/2.0.6/maven-plugin-registry-2.0.6.pom
Downloaded: http://maven.mirrors.travis-ci.org/nexus/content/repositories/central/org/apache/maven/maven-plugin-registry/2.0.6/maven-plugin-registry-2.0.6.pom (2 KB at 6.3 KB/sec)
Downloading: http://maven.mirrors.travis-ci.org/nexus/content/repositories/central/org/apache/maven/reporting/maven-reporting-api/2.0.6/maven-reporting-api-2.0.6.pom
Downloaded: http://maven.mirrors.travis-ci.org/nexus/content/repositories/central/org/apache/maven/reporting/maven-reporting-api/2.0.6/maven-reporting-api-2.0.6.pom (2 KB at 5.4 KB/sec)
Downloading: http://maven.mirrors.travis-ci.org/nexus/content/repositories/central/org/apache/maven/reporting/maven-reporting/2.0.6/maven-reporting-2.0.6.pom
Downloaded: http://maven.mirrors.travis-ci.org/nexus/content/repositories/central/org/apache/maven/reporting/maven-reporting/2.0.6/maven-reporting-2.0.6.pom (2 KB at 4.7 KB/sec)
Downloading: http://maven.mirrors.travis-ci.org/nexus/content/repositories/central/org/apache/maven/doxia/doxia-sink-api/1.0-alpha-7/doxia-sink-api-1.0-alpha-7.pom
Downloaded: http://maven.mirrors.travis-ci.org/nexus/content/repositories/central/org/apache/maven/doxia/doxia-sink-api/1.0-alpha-7/doxia-sink-api-1.0-alpha-7.pom (424 B at 1.4 KB/sec)
Downloading: http://maven.mirrors.travis-ci.org/nexus/content/repositories/central/org/apache/maven/doxia/doxia/1.0-alpha-7/doxia-1.0-alpha-7.pom
Downloaded: http://maven.mirrors.travis-ci.org/nexus/content/repositories/central/org/apache/maven/doxia/doxia/1.0-alpha-7/doxia-1.0-alpha-7.pom (4 KB at 12.0 KB/sec)
Downloading: http://maven.mirrors.travis-ci.org/nexus/content/repositories/central/org/apache/maven/maven-plugin-api/2.0.6/maven-plugin-api-2.0.6.pom
Downloaded: http://maven.mirrors.travis-ci.org/nexus/content/repositories/central/org/apache/maven/maven-plugin-api/2.0.6/maven-plugin-api-2.0.6.pom (2 KB at 4.4 KB/sec)
Downloading: http://maven.mirrors.travis-ci.org/nexus/content/repositories/central/org/codehaus/plexus/plexus-resources/1.0-alpha-7/plexus-resources-1.0-alpha-7.pom
Downloaded: http://maven.mirrors.travis-ci.org/nexus/content/repositories/central/org/codehaus/plexus/plexus-resources/1.0-alpha-7/plexus-resources-1.0-alpha-7.pom (2 KB at 4.4 KB/sec)
Downloading: http://maven.mirrors.travis-ci.org/nexus/content/repositories/central/org/codehaus/plexus/plexus-components/1.1.17/plexus-components-1.1.17.pom
Downloaded: http://maven.mirrors.travis-ci.org/nexus/content/repositories/central/org/codehaus/plexus/plexus-components/1.1.17/plexus-components-1.1.17.pom (6 KB at 15.8 KB/sec)
Downloading: http://maven.mirrors.travis-ci.org/nexus/content/repositories/central/org/codehaus/plexus/plexus/2.0.5/plexus-2.0.5.pom
Downloaded: http://maven.mirrors.travis-ci.org/nexus/content/repositories/central/org/codehaus/plexus/plexus/2.0.5/plexus-2.0.5.pom (17 KB at 40.8 KB/sec)
Downloading: http://maven.mirrors.travis-ci.org/nexus/content/repositories/central/org/codehaus/plexus/plexus-utils/1.5.5/plexus-utils-1.5.5.pom
Downloaded: http://maven.mirrors.travis-ci.org/nexus/content/repositories/central/org/codehaus/plexus/plexus-utils/1.5.5/plexus-utils-1.5.5.pom (6 KB at 16.8 KB/sec)
Downloading: http://maven.mirrors.travis-ci.org/nexus/content/repositories/central/org/codehaus/plexus/plexus-interpolation/1.13/plexus-interpolation-1.13.pom
Downloaded: http://maven.mirrors.travis-ci.org/nexus/content/repositories/central/org/codehaus/plexus/plexus-interpolation/1.13/plexus-interpolation-1.13.pom (890 B at 2.7 KB/sec)
Downloading: http://maven.mirrors.travis-ci.org/nexus/content/repositories/central/org/codehaus/plexus/plexus-components/1.1.15/plexus-components-1.1.15.pom
Downloaded: http://maven.mirrors.travis-ci.org/nexus/content/repositories/central/org/codehaus/plexus/plexus-components/1.1.15/plexus-components-1.1.15.pom (3 KB at 8.8 KB/sec)
Downloading: http://maven.mirrors.travis-ci.org/nexus/content/repositories/central/org/codehaus/plexus/plexus/2.0.3/plexus-2.0.3.pom
Downloaded: http://maven.mirrors.travis-ci.org/nexus/content/repositories/central/org/codehaus/plexus/plexus/2.0.3/plexus-2.0.3.pom (16 KB at 38.1 KB/sec)
Downloading: http://maven.mirrors.travis-ci.org/nexus/content/repositories/central/org/codehaus/plexus/plexus-velocity/1.1.8/plexus-velocity-1.1.8.pom
Downloaded: http://maven.mirrors.travis-ci.org/nexus/content/repositories/central/org/codehaus/plexus/plexus-velocity/1.1.8/plexus-velocity-1.1.8.pom (2 KB at 5.7 KB/sec)
Downloading: http://maven.mirrors.travis-ci.org/nexus/content/repositories/central/com/puppycrawl/tools/checkstyle/5.5/checkstyle-5.5.pom
Downloaded: http://maven.mirrors.travis-ci.org/nexus/content/repositories/central/com/puppycrawl/tools/checkstyle/5.5/checkstyle-5.5.pom (19 KB at 47.2 KB/sec)
Downloading: http://maven.mirrors.travis-ci.org/nexus/content/repositories/central/org/sonatype/oss/oss-parent/5/oss-parent-5.pom
Downloaded: http://maven.mirrors.travis-ci.org/nexus/content/repositories/central/org/sonatype/oss/oss-parent/5/oss-parent-5.pom (4 KB at 13.4 KB/sec)
Downloading: http://maven.mirrors.travis-ci.org/nexus/content/repositories/central/antlr/antlr/2.7.7/antlr-2.7.7.pom
Downloaded: http://maven.mirrors.travis-ci.org/nexus/content/repositories/central/antlr/antlr/2.7.7/antlr-2.7.7.pom (632 B at 2.0 KB/sec)
Downloading: http://maven.mirrors.travis-ci.org/nexus/content/repositories/central/commons-beanutils/commons-beanutils-core/1.8.3/commons-beanutils-core-1.8.3.pom
Downloaded: http://maven.mirrors.travis-ci.org/nexus/content/repositories/central/commons-beanutils/commons-beanutils-core/1.8.3/commons-beanutils-core-1.8.3.pom (2 KB at 5.1 KB/sec)
Downloading: http://maven.mirrors.travis-ci.org/nexus/content/repositories/central/commons-cli/commons-cli/1.2/commons-cli-1.2.pom
Downloaded: http://maven.mirrors.travis-ci.org/nexus/content/repositories/central/commons-cli/commons-cli/1.2/commons-cli-1.2.pom (8 KB at 24.5 KB/sec)
Downloading: http://maven.mirrors.travis-ci.org/nexus/content/repositories/central/org/apache/commons/commons-parent/11/commons-parent-11.pom
Downloaded: http://maven.mirrors.travis-ci.org/nexus/content/repositories/central/org/apache/commons/commons-parent/11/commons-parent-11.pom (25 KB at 46.0 KB/sec)
Downloading: http://maven.mirrors.travis-ci.org/nexus/content/repositories/central/com/google/collections/google-collections/1.0/google-collections-1.0.pom
Downloaded: http://maven.mirrors.travis-ci.org/nexus/content/repositories/central/com/google/collections/google-collections/1.0/google-collections-1.0.pom (3 KB at 8.1 KB/sec)
Downloading: http://maven.mirrors.travis-ci.org/nexus/content/repositories/central/com/google/google/1/google-1.pom
Downloaded: http://maven.mirrors.travis-ci.org/nexus/content/repositories/central/com/google/google/1/google-1.pom (2 KB at 5.0 KB/sec)
Downloading: http://maven.mirrors.travis-ci.org/nexus/content/repositories/central/backport-util-concurrent/backport-util-concurrent/3.1/backport-util-concurrent-3.1.jar
Downloading: http://maven.mirrors.travis-ci.org/nexus/content/repositories/central/org/apache/maven/reporting/maven-reporting-api/3.0/maven-reporting-api-3.0.jar
Downloading: http://maven.mirrors.travis-ci.org/nexus/content/repositories/central/org/apache/maven/reporting/maven-reporting-impl/2.2/maven-reporting-impl-2.2.jar
Downloading: http://maven.mirrors.travis-ci.org/nexus/content/repositories/central/org/apache/maven/doxia/doxia-core/1.2/doxia-core-1.2.jar
Downloading: http://maven.mirrors.travis-ci.org/nexus/content/repositories/central/xerces/xercesImpl/2.9.1/xercesImpl-2.9.1.jar
Downloaded: http://maven.mirrors.travis-ci.org/nexus/content/repositories/central/org/apache/maven/reporting/maven-reporting-api/3.0/maven-reporting-api-3.0.jar (11 KB at 27.2 KB/sec)
Downloading: http://maven.mirrors.travis-ci.org/nexus/content/repositories/central/xml-apis/xml-apis/1.3.04/xml-apis-1.3.04.jar
Downloaded: http://maven.mirrors.travis-ci.org/nexus/content/repositories/central/org/apache/maven/reporting/maven-reporting-impl/2.2/maven-reporting-impl-2.2.jar (17 KB at 39.2 KB/sec)
Downloading: http://maven.mirrors.travis-ci.org/nexus/content/repositories/central/org/apache/httpcomponents/httpclient/4.0.2/httpclient-4.0.2.jar
Downloaded: http://maven.mirrors.travis-ci.org/nexus/content/repositories/central/org/apache/maven/doxia/doxia-core/1.2/doxia-core-1.2.jar (151 KB at 139.4 KB/sec)
Downloading: http://maven.mirrors.travis-ci.org/nexus/content/repositories/central/org/apache/httpcomponents/httpcore/4.0.1/httpcore-4.0.1.jar
Downloaded: http://maven.mirrors.travis-ci.org/nexus/content/repositories/central/xml-apis/xml-apis/1.3.04/xml-apis-1.3.04.jar (190 KB at 151.7 KB/sec)
Downloading: http://maven.mirrors.travis-ci.org/nexus/content/repositories/central/commons-codec/commons-codec/1.3/commons-codec-1.3.jar
Downloaded: http://maven.mirrors.travis-ci.org/nexus/content/repositories/central/backport-util-concurrent/backport-util-concurrent/3.1/backport-util-concurrent-3.1.jar (324 KB at 174.6 KB/sec)
Downloading: http://maven.mirrors.travis-ci.org/nexus/content/repositories/central/commons-validator/commons-validator/1.3.1/commons-validator-1.3.1.jar
Downloaded: http://maven.mirrors.travis-ci.org/nexus/content/repositories/central/org/apache/httpcomponents/httpcore/4.0.1/httpcore-4.0.1.jar (169 KB at 194.7 KB/sec)
Downloading: http://maven.mirrors.travis-ci.org/nexus/content/repositories/central/commons-beanutils/commons-beanutils/1.7.0/commons-beanutils-1.7.0.jar
Downloaded: http://maven.mirrors.travis-ci.org/nexus/content/repositories/central/commons-codec/commons-codec/1.3/commons-codec-1.3.jar (46 KB at 115.2 KB/sec)
Downloading: http://maven.mirrors.travis-ci.org/nexus/content/repositories/central/commons-digester/commons-digester/1.6/commons-digester-1.6.jar
Downloaded: http://maven.mirrors.travis-ci.org/nexus/content/repositories/central/org/apache/httpcomponents/httpclient/4.0.2/httpclient-4.0.2.jar (287 KB at 165.4 KB/sec)
Downloading: http://maven.mirrors.travis-ci.org/nexus/content/repositories/central/commons-logging/commons-logging/1.0.4/commons-logging-1.0.4.jar
Downloaded: http://maven.mirrors.travis-ci.org/nexus/content/repositories/central/commons-validator/commons-validator/1.3.1/commons-validator-1.3.1.jar (136 KB at 228.4 KB/sec)
Downloading: http://maven.mirrors.travis-ci.org/nexus/content/repositories/central/org/apache/maven/doxia/doxia-sink-api/1.1.3/doxia-sink-api-1.1.3.jar
Downloaded: http://maven.mirrors.travis-ci.org/nexus/content/repositories/central/commons-logging/commons-logging/1.0.4/commons-logging-1.0.4.jar (38 KB at 116.7 KB/sec)
Downloading: http://maven.mirrors.travis-ci.org/nexus/content/repositories/central/org/apache/maven/doxia/doxia-logging-api/1.1.3/doxia-logging-api-1.1.3.jar
Downloaded: http://maven.mirrors.travis-ci.org/nexus/content/repositories/central/org/apache/maven/doxia/doxia-sink-api/1.1.3/doxia-sink-api-1.1.3.jar (13 KB at 59.9 KB/sec)
Downloading: http://maven.mirrors.travis-ci.org/nexus/content/repositories/central/org/apache/maven/doxia/doxia-decoration-model/1.1.3/doxia-decoration-model-1.1.3.jar
Downloaded: http://maven.mirrors.travis-ci.org/nexus/content/repositories/central/commons-beanutils/commons-beanutils/1.7.0/commons-beanutils-1.7.0.jar (185 KB at 252.4 KB/sec)
Downloading: http://maven.mirrors.travis-ci.org/nexus/content/repositories/central/org/apache/maven/doxia/doxia-site-renderer/1.1.3/doxia-site-renderer-1.1.3.jar
Downloaded: http://maven.mirrors.travis-ci.org/nexus/content/repositories/central/org/apache/maven/doxia/doxia-logging-api/1.1.3/doxia-logging-api-1.1.3.jar (12 KB at 51.0 KB/sec)
Downloading: http://maven.mirrors.travis-ci.org/nexus/content/repositories/central/org/apache/maven/doxia/doxia-module-xhtml/1.1.3/doxia-module-xhtml-1.1.3.jar
Downloaded: http://maven.mirrors.travis-ci.org/nexus/content/repositories/central/commons-digester/commons-digester/1.6/commons-digester-1.6.jar (165 KB at 192.2 KB/sec)
Downloading: http://maven.mirrors.travis-ci.org/nexus/content/repositories/central/org/apache/maven/doxia/doxia-module-fml/1.1.3/doxia-module-fml-1.1.3.jar
Downloaded: http://maven.mirrors.travis-ci.org/nexus/content/repositories/central/org/apache/maven/doxia/doxia-module-xhtml/1.1.3/doxia-module-xhtml-1.1.3.jar (15 KB at 67.2 KB/sec)
Downloading: http://maven.mirrors.travis-ci.org/nexus/content/repositories/central/org/codehaus/plexus/plexus-i18n/1.0-beta-7/plexus-i18n-1.0-beta-7.jar
Downloaded: http://maven.mirrors.travis-ci.org/nexus/content/repositories/central/org/apache/maven/doxia/doxia-decoration-model/1.1.3/doxia-decoration-model-1.1.3.jar (52 KB at 168.6 KB/sec)
Downloading: http://maven.mirrors.travis-ci.org/nexus/content/repositories/central/org/apache/maven/shared/maven-doxia-tools/1.2.1/maven-doxia-tools-1.2.1.jar
Downloaded: http://maven.mirrors.travis-ci.org/nexus/content/repositories/central/org/apache/maven/doxia/doxia-site-renderer/1.1.3/doxia-site-renderer-1.1.3.jar (50 KB at 164.2 KB/sec)
Downloading: http://maven.mirrors.travis-ci.org/nexus/content/repositories/central/commons-io/commons-io/1.4/commons-io-1.4.jar
Downloaded: http://maven.mirrors.travis-ci.org/nexus/content/repositories/central/org/codehaus/plexus/plexus-i18n/1.0-beta-7/plexus-i18n-1.0-beta-7.jar (11 KB at 47.3 KB/sec)
Downloading: http://maven.mirrors.travis-ci.org/nexus/content/repositories/central/junit/junit/3.8.1/junit-3.8.1.jar
Downloaded: http://maven.mirrors.travis-ci.org/nexus/content/repositories/central/org/apache/maven/doxia/doxia-module-fml/1.1.3/doxia-module-fml-1.1.3.jar (37 KB at 122.5 KB/sec)
Downloading: http://maven.mirrors.travis-ci.org/nexus/content/repositories/central/org/codehaus/plexus/plexus-resources/1.0-alpha-7/plexus-resources-1.0-alpha-7.jar
Downloaded: http://maven.mirrors.travis-ci.org/nexus/content/repositories/central/org/apache/maven/shared/maven-doxia-tools/1.2.1/maven-doxia-tools-1.2.1.jar (43 KB at 139.2 KB/sec)
Downloading: http://maven.mirrors.travis-ci.org/nexus/content/repositories/central/org/codehaus/plexus/plexus-utils/2.0.5/plexus-utils-2.0.5.jar
Downloaded: http://maven.mirrors.travis-ci.org/nexus/content/repositories/central/commons-io/commons-io/1.4/commons-io-1.4.jar (107 KB at 264.9 KB/sec)
Downloading: http://maven.mirrors.travis-ci.org/nexus/content/repositories/central/org/codehaus/plexus/plexus-interpolation/1.13/plexus-interpolation-1.13.jar
Downloaded: http://maven.mirrors.travis-ci.org/nexus/content/repositories/central/org/codehaus/plexus/plexus-resources/1.0-alpha-7/plexus-resources-1.0-alpha-7.jar (23 KB at 111.9 KB/sec)
Downloading: http://maven.mirrors.travis-ci.org/nexus/content/repositories/central/org/codehaus/plexus/plexus-velocity/1.1.8/plexus-velocity-1.1.8.jar
Downloaded: http://maven.mirrors.travis-ci.org/nexus/content/repositories/central/org/codehaus/plexus/plexus-velocity/1.1.8/plexus-velocity-1.1.8.jar (8 KB at 37.9 KB/sec)
Downloading: http://maven.mirrors.travis-ci.org/nexus/content/repositories/central/com/puppycrawl/tools/checkstyle/5.5/checkstyle-5.5.jar
Downloaded: http://maven.mirrors.travis-ci.org/nexus/content/repositories/central/org/codehaus/plexus/plexus-interpolation/1.13/plexus-interpolation-1.13.jar (60 KB at 197.4 KB/sec)
Downloading: http://maven.mirrors.travis-ci.org/nexus/content/repositories/central/antlr/antlr/2.7.7/antlr-2.7.7.jar
Downloaded: http://maven.mirrors.travis-ci.org/nexus/content/repositories/central/junit/junit/3.8.1/junit-3.8.1.jar (119 KB at 189.2 KB/sec)
Downloading: http://maven.mirrors.travis-ci.org/nexus/content/repositories/central/commons-beanutils/commons-beanutils-core/1.8.3/commons-beanutils-core-1.8.3.jar
Downloaded: http://maven.mirrors.travis-ci.org/nexus/content/repositories/central/org/codehaus/plexus/plexus-utils/2.0.5/plexus-utils-2.0.5.jar (218 KB at 276.6 KB/sec)
Downloading: http://maven.mirrors.travis-ci.org/nexus/content/repositories/central/commons-cli/commons-cli/1.2/commons-cli-1.2.jar
Downloaded: http://maven.mirrors.travis-ci.org/nexus/content/repositories/central/xerces/xercesImpl/2.9.1/xercesImpl-2.9.1.jar (1201 KB at 284.0 KB/sec)
Downloading: http://maven.mirrors.travis-ci.org/nexus/content/repositories/central/com/google/collections/google-collections/1.0/google-collections-1.0.jar
Downloaded: http://maven.mirrors.travis-ci.org/nexus/content/repositories/central/commons-cli/commons-cli/1.2/commons-cli-1.2.jar (41 KB at 132.5 KB/sec)
Downloading: http://maven.mirrors.travis-ci.org/nexus/content/repositories/central/org/apache/velocity/velocity/1.5/velocity-1.5.jar
Downloaded: http://maven.mirrors.travis-ci.org/nexus/content/repositories/central/commons-beanutils/commons-beanutils-core/1.8.3/commons-beanutils-core-1.8.3.jar (202 KB at 276.9 KB/sec)
Downloading: http://maven.mirrors.travis-ci.org/nexus/content/repositories/central/commons-lang/commons-lang/2.1/commons-lang-2.1.jar
Downloaded: http://maven.mirrors.travis-ci.org/nexus/content/repositories/central/antlr/antlr/2.7.7/antlr-2.7.7.jar (435 KB at 403.8 KB/sec)
Downloading: http://maven.mirrors.travis-ci.org/nexus/content/repositories/central/oro/oro/2.0.8/oro-2.0.8.jar
Downloaded: http://maven.mirrors.travis-ci.org/nexus/content/repositories/central/oro/oro/2.0.8/oro-2.0.8.jar (64 KB at 211.0 KB/sec)
Downloading: http://maven.mirrors.travis-ci.org/nexus/content/repositories/central/commons-collections/commons-collections/3.2.1/commons-collections-3.2.1.jar
Downloaded: http://maven.mirrors.travis-ci.org/nexus/content/repositories/central/commons-lang/commons-lang/2.1/commons-lang-2.1.jar (203 KB at 325.1 KB/sec)
Downloaded: http://maven.mirrors.travis-ci.org/nexus/content/repositories/central/com/puppycrawl/tools/checkstyle/5.5/checkstyle-5.5.jar (623 KB at 405.3 KB/sec)
Downloaded: http://maven.mirrors.travis-ci.org/nexus/content/repositories/central/org/apache/velocity/velocity/1.5/velocity-1.5.jar (383 KB at 484.7 KB/sec)
Downloaded: http://maven.mirrors.travis-ci.org/nexus/content/repositories/central/com/google/collections/google-collections/1.0/google-collections-1.0.jar (625 KB at 571.5 KB/sec)
Downloaded: http://maven.mirrors.travis-ci.org/nexus/content/repositories/central/commons-collections/commons-collections/3.2.1/commons-collections-3.2.1.jar (562 KB at 634.9 KB/sec)
[INFO] 
[INFO] --- maven-install-plugin:2.3:install (default-install) @ parent ---
Downloading: http://maven.mirrors.travis-ci.org/nexus/content/repositories/central/org/codehaus/plexus/plexus-utils/1.5.6/plexus-utils-1.5.6.pom
Downloaded: http://maven.mirrors.travis-ci.org/nexus/content/repositories/central/org/codehaus/plexus/plexus-utils/1.5.6/plexus-utils-1.5.6.pom (6 KB at 16.4 KB/sec)
Downloading: http://maven.mirrors.travis-ci.org/nexus/content/repositories/central/org/codehaus/plexus/plexus/1.0.12/plexus-1.0.12.pom
Downloaded: http://maven.mirrors.travis-ci.org/nexus/content/repositories/central/org/codehaus/plexus/plexus/1.0.12/plexus-1.0.12.pom (10 KB at 22.7 KB/sec)
Downloading: http://maven.mirrors.travis-ci.org/nexus/content/repositories/central/org/codehaus/plexus/plexus-digest/1.0/plexus-digest-1.0.pom
Downloaded: http://maven.mirrors.travis-ci.org/nexus/content/repositories/central/org/codehaus/plexus/plexus-digest/1.0/plexus-digest-1.0.pom (2 KB at 3.3 KB/sec)
Downloading: http://maven.mirrors.travis-ci.org/nexus/content/repositories/central/org/codehaus/plexus/plexus-components/1.1.7/plexus-components-1.1.7.pom
Downloaded: http://maven.mirrors.travis-ci.org/nexus/content/repositories/central/org/codehaus/plexus/plexus-components/1.1.7/plexus-components-1.1.7.pom (5 KB at 15.1 KB/sec)
Downloading: http://maven.mirrors.travis-ci.org/nexus/content/repositories/central/org/codehaus/plexus/plexus-utils/1.5.6/plexus-utils-1.5.6.jar
Downloading: http://maven.mirrors.travis-ci.org/nexus/content/repositories/central/org/codehaus/plexus/plexus-digest/1.0/plexus-digest-1.0.jar
Downloaded: http://maven.mirrors.travis-ci.org/nexus/content/repositories/central/org/codehaus/plexus/plexus-digest/1.0/plexus-digest-1.0.jar (12 KB at 27.6 KB/sec)
Downloaded: http://maven.mirrors.travis-ci.org/nexus/content/repositories/central/org/codehaus/plexus/plexus-utils/1.5.6/plexus-utils-1.5.6.jar (245 KB at 218.1 KB/sec)
[INFO] Installing /home/travis/build/square/retrofit/pom.xml to /home/travis/.m2/repository/com/squareup/retrofit/parent/1.0.2-SNAPSHOT/parent-1.0.2-SNAPSHOT.pom
[INFO]                                                                         
[INFO] ------------------------------------------------------------------------
[INFO] Building Retrofit 1.0.2-SNAPSHOT
[INFO] ------------------------------------------------------------------------
Downloading: http://maven.mirrors.travis-ci.org/nexus/content/repositories/central/org/apache/maven/plugins/maven-resources-plugin/2.3/maven-resources-plugin-2.3.pom
Downloaded: http://maven.mirrors.travis-ci.org/nexus/content/repositories/central/org/apache/maven/plugins/maven-resources-plugin/2.3/maven-resources-plugin-2.3.pom (5 KB at 14.6 KB/sec)
Downloading: http://maven.mirrors.travis-ci.org/nexus/content/repositories/central/org/apache/maven/plugins/maven-plugins/12/maven-plugins-12.pom
Downloaded: http://maven.mirrors.travis-ci.org/nexus/content/repositories/central/org/apache/maven/plugins/maven-plugins/12/maven-plugins-12.pom (12 KB at 28.9 KB/sec)
Downloading: http://maven.mirrors.travis-ci.org/nexus/content/repositories/central/org/apache/maven/maven-parent/9/maven-parent-9.pom
Downloaded: http://maven.mirrors.travis-ci.org/nexus/content/repositories/central/org/apache/maven/maven-parent/9/maven-parent-9.pom (33 KB at 65.2 KB/sec)
Downloading: http://maven.mirrors.travis-ci.org/nexus/content/repositories/central/org/apache/maven/plugins/maven-resources-plugin/2.3/maven-resources-plugin-2.3.jar
Downloaded: http://maven.mirrors.travis-ci.org/nexus/content/repositories/central/org/apache/maven/plugins/maven-resources-plugin/2.3/maven-resources-plugin-2.3.jar (21 KB at 52.4 KB/sec)
Downloading: http://maven.mirrors.travis-ci.org/nexus/content/repositories/central/org/apache/maven/plugins/maven-compiler-plugin/3.0/maven-compiler-plugin-3.0.pom
Downloaded: http://maven.mirrors.travis-ci.org/nexus/content/repositories/central/org/apache/maven/plugins/maven-compiler-plugin/3.0/maven-compiler-plugin-3.0.pom (10 KB at 24.6 KB/sec)
Downloading: http://maven.mirrors.travis-ci.org/nexus/content/repositories/central/org/apache/maven/plugins/maven-plugins/23/maven-plugins-23.pom
Downloaded: http://maven.mirrors.travis-ci.org/nexus/content/repositories/central/org/apache/maven/plugins/maven-plugins/23/maven-plugins-23.pom (9 KB at 21.4 KB/sec)
Downloading: http://maven.mirrors.travis-ci.org/nexus/content/repositories/central/org/apache/maven/maven-parent/22/maven-parent-22.pom
Downloaded: http://maven.mirrors.travis-ci.org/nexus/content/repositories/central/org/apache/maven/maven-parent/22/maven-parent-22.pom (30 KB at 56.4 KB/sec)
Downloading: http://maven.mirrors.travis-ci.org/nexus/content/repositories/central/org/apache/apache/11/apache-11.pom
Downloaded: http://maven.mirrors.travis-ci.org/nexus/content/repositories/central/org/apache/apache/11/apache-11.pom (15 KB at 34.0 KB/sec)
Downloading: http://maven.mirrors.travis-ci.org/nexus/content/repositories/central/org/apache/maven/plugins/maven-compiler-plugin/3.0/maven-compiler-plugin-3.0.jar
Downloaded: http://maven.mirrors.travis-ci.org/nexus/content/repositories/central/org/apache/maven/plugins/maven-compiler-plugin/3.0/maven-compiler-plugin-3.0.jar (41 KB at 65.7 KB/sec)
Downloading: http://maven.mirrors.travis-ci.org/nexus/content/repositories/central/org/apache/maven/plugins/maven-surefire-plugin/2.10/maven-surefire-plugin-2.10.pom
Downloaded: http://maven.mirrors.travis-ci.org/nexus/content/repositories/central/org/apache/maven/plugins/maven-surefire-plugin/2.10/maven-surefire-plugin-2.10.pom (11 KB at 26.5 KB/sec)
Downloading: http://maven.mirrors.travis-ci.org/nexus/content/repositories/central/org/apache/maven/surefire/surefire/2.10/surefire-2.10.pom
Downloaded: http://maven.mirrors.travis-ci.org/nexus/content/repositories/central/org/apache/maven/surefire/surefire/2.10/surefire-2.10.pom (12 KB at 29.6 KB/sec)
Downloading: http://maven.mirrors.travis-ci.org/nexus/content/repositories/central/org/apache/maven/maven-parent/20/maven-parent-20.pom
Downloaded: http://maven.mirrors.travis-ci.org/nexus/content/repositories/central/org/apache/maven/maven-parent/20/maven-parent-20.pom (25 KB at 49.4 KB/sec)
Downloading: http://maven.mirrors.travis-ci.org/nexus/content/repositories/central/org/apache/maven/plugins/maven-surefire-plugin/2.10/maven-surefire-plugin-2.10.jar
Downloaded: http://maven.mirrors.travis-ci.org/nexus/content/repositories/central/org/apache/maven/plugins/maven-surefire-plugin/2.10/maven-surefire-plugin-2.10.jar (30 KB at 57.1 KB/sec)
Downloading: http://maven.mirrors.travis-ci.org/nexus/content/repositories/central/org/apache/maven/plugins/maven-jar-plugin/2.2/maven-jar-plugin-2.2.pom
Downloaded: http://maven.mirrors.travis-ci.org/nexus/content/repositories/central/org/apache/maven/plugins/maven-jar-plugin/2.2/maven-jar-plugin-2.2.pom (9 KB at 20.2 KB/sec)
Downloading: http://maven.mirrors.travis-ci.org/nexus/content/repositories/central/org/apache/maven/plugins/maven-plugins/10/maven-plugins-10.pom
Downloaded: http://maven.mirrors.travis-ci.org/nexus/content/repositories/central/org/apache/maven/plugins/maven-plugins/10/maven-plugins-10.pom (8 KB at 13.7 KB/sec)
Downloading: http://maven.mirrors.travis-ci.org/nexus/content/repositories/central/org/apache/maven/maven-parent/7/maven-parent-7.pom
Downloaded: http://maven.mirrors.travis-ci.org/nexus/content/repositories/central/org/apache/maven/maven-parent/7/maven-parent-7.pom (21 KB at 52.7 KB/sec)
Downloading: http://maven.mirrors.travis-ci.org/nexus/content/repositories/central/org/apache/maven/plugins/maven-jar-plugin/2.2/maven-jar-plugin-2.2.jar
Downloaded: http://maven.mirrors.travis-ci.org/nexus/content/repositories/central/org/apache/maven/plugins/maven-jar-plugin/2.2/maven-jar-plugin-2.2.jar (27 KB at 63.2 KB/sec)
Downloading: http://maven.mirrors.travis-ci.org/nexus/content/repositories/sonatype/com/google/code/gson/gson/2.2.3/gson-2.2.3.pom
Downloaded: http://maven.mirrors.travis-ci.org/nexus/content/repositories/sonatype/com/google/code/gson/gson/2.2.3/gson-2.2.3.pom (8 KB at 26.1 KB/sec)
Downloading: http://maven.mirrors.travis-ci.org/nexus/content/repositories/sonatype/com/google/android/android/4.1.1.4/android-4.1.1.4.pom
Downloaded: http://maven.mirrors.travis-ci.org/nexus/content/repositories/sonatype/com/google/android/android/4.1.1.4/android-4.1.1.4.pom (3 KB at 9.5 KB/sec)
Downloading: http://maven.mirrors.travis-ci.org/nexus/content/repositories/sonatype/org/apache/httpcomponents/httpclient/4.0.1/httpclient-4.0.1.pom
Downloading: https://repository.apache.org/releases/org/apache/httpcomponents/httpclient/4.0.1/httpclient-4.0.1.pom
Downloading: http://maven.mirrors.travis-ci.org/nexus/content/repositories/central/org/apache/httpcomponents/httpclient/4.0.1/httpclient-4.0.1.pom
Downloaded: http://maven.mirrors.travis-ci.org/nexus/content/repositories/central/org/apache/httpcomponents/httpclient/4.0.1/httpclient-4.0.1.pom (7 KB at 22.4 KB/sec)
Downloading: http://maven.mirrors.travis-ci.org/nexus/content/repositories/sonatype/org/apache/httpcomponents/httpcomponents-client/4.0.1/httpcomponents-client-4.0.1.pom
Downloading: https://repository.apache.org/releases/org/apache/httpcomponents/httpcomponents-client/4.0.1/httpcomponents-client-4.0.1.pom
Downloading: http://maven.mirrors.travis-ci.org/nexus/content/repositories/central/org/apache/httpcomponents/httpcomponents-client/4.0.1/httpcomponents-client-4.0.1.pom
Downloaded: http://maven.mirrors.travis-ci.org/nexus/content/repositories/central/org/apache/httpcomponents/httpcomponents-client/4.0.1/httpcomponents-client-4.0.1.pom (9 KB at 21.7 KB/sec)
Downloading: http://maven.mirrors.travis-ci.org/nexus/content/repositories/sonatype/org/khronos/opengl-api/gl1.1-android-2.1_r1/opengl-api-gl1.1-android-2.1_r1.pom
Downloading: https://repository.apache.org/releases/org/khronos/opengl-api/gl1.1-android-2.1_r1/opengl-api-gl1.1-android-2.1_r1.pom
Downloading: http://maven.mirrors.travis-ci.org/nexus/content/repositories/central/org/khronos/opengl-api/gl1.1-android-2.1_r1/opengl-api-gl1.1-android-2.1_r1.pom
Downloaded: http://maven.mirrors.travis-ci.org/nexus/content/repositories/central/org/khronos/opengl-api/gl1.1-android-2.1_r1/opengl-api-gl1.1-android-2.1_r1.pom (2 KB at 4.8 KB/sec)
Downloading: http://maven.mirrors.travis-ci.org/nexus/content/repositories/sonatype/xerces/xmlParserAPIs/2.6.2/xmlParserAPIs-2.6.2.pom
Downloading: https://repository.apache.org/releases/xerces/xmlParserAPIs/2.6.2/xmlParserAPIs-2.6.2.pom
Downloading: http://maven.mirrors.travis-ci.org/nexus/content/repositories/central/xerces/xmlParserAPIs/2.6.2/xmlParserAPIs-2.6.2.pom
Downloaded: http://maven.mirrors.travis-ci.org/nexus/content/repositories/central/xerces/xmlParserAPIs/2.6.2/xmlParserAPIs-2.6.2.pom (153 B at 0.5 KB/sec)
Downloading: http://maven.mirrors.travis-ci.org/nexus/content/repositories/sonatype/xpp3/xpp3/1.1.4c/xpp3-1.1.4c.pom
Downloading: https://repository.apache.org/releases/xpp3/xpp3/1.1.4c/xpp3-1.1.4c.pom
Downloading: http://maven.mirrors.travis-ci.org/nexus/content/repositories/central/xpp3/xpp3/1.1.4c/xpp3-1.1.4c.pom
Downloaded: http://maven.mirrors.travis-ci.org/nexus/content/repositories/central/xpp3/xpp3/1.1.4c/xpp3-1.1.4c.pom (3 KB at 6.8 KB/sec)
Downloading: http://maven.mirrors.travis-ci.org/nexus/content/repositories/sonatype/org/json/json/20080701/json-20080701.pom
Downloading: https://repository.apache.org/releases/org/json/json/20080701/json-20080701.pom
Downloading: http://maven.mirrors.travis-ci.org/nexus/content/repositories/central/org/json/json/20080701/json-20080701.pom
Downloaded: http://maven.mirrors.travis-ci.org/nexus/content/repositories/central/org/json/json/20080701/json-20080701.pom (2 KB at 5.0 KB/sec)
Downloading: http://maven.mirrors.travis-ci.org/nexus/content/repositories/sonatype/com/squareup/okhttp/okhttp/1.0.1/okhttp-1.0.1.pom
Downloaded: http://maven.mirrors.travis-ci.org/nexus/content/repositories/sonatype/com/squareup/okhttp/okhttp/1.0.1/okhttp-1.0.1.pom (2 KB at 3.4 KB/sec)
Downloading: http://maven.mirrors.travis-ci.org/nexus/content/repositories/sonatype/com/squareup/okhttp/parent/1.0.1/parent-1.0.1.pom
Downloaded: http://maven.mirrors.travis-ci.org/nexus/content/repositories/sonatype/com/squareup/okhttp/parent/1.0.1/parent-1.0.1.pom (5 KB at 14.8 KB/sec)
Downloading: http://maven.mirrors.travis-ci.org/nexus/content/repositories/sonatype/junit/junit/4.10/junit-4.10.pom
Downloaded: http://maven.mirrors.travis-ci.org/nexus/content/repositories/sonatype/junit/junit/4.10/junit-4.10.pom (3 KB at 7.6 KB/sec)
Downloading: http://maven.mirrors.travis-ci.org/nexus/content/repositories/sonatype/org/hamcrest/hamcrest-core/1.1/hamcrest-core-1.1.pom
Downloaded: http://maven.mirrors.travis-ci.org/nexus/content/repositories/sonatype/org/hamcrest/hamcrest-core/1.1/hamcrest-core-1.1.pom (481 B at 1.6 KB/sec)
Downloading: http://maven.mirrors.travis-ci.org/nexus/content/repositories/sonatype/org/hamcrest/hamcrest-parent/1.1/hamcrest-parent-1.1.pom
Downloaded: http://maven.mirrors.travis-ci.org/nexus/content/repositories/sonatype/org/hamcrest/hamcrest-parent/1.1/hamcrest-parent-1.1.pom (6 KB at 18.0 KB/sec)
Downloading: http://maven.mirrors.travis-ci.org/nexus/content/repositories/sonatype/org/easytesting/fest-assert-core/2.0M10/fest-assert-core-2.0M10.pom
Downloaded: http://maven.mirrors.travis-ci.org/nexus/content/repositories/sonatype/org/easytesting/fest-assert-core/2.0M10/fest-assert-core-2.0M10.pom (3 KB at 6.5 KB/sec)
Downloading: http://maven.mirrors.travis-ci.org/nexus/content/repositories/sonatype/org/easytesting/fest/1.0.15/fest-1.0.15.pom
Downloaded: http://maven.mirrors.travis-ci.org/nexus/content/repositories/sonatype/org/easytesting/fest/1.0.15/fest-1.0.15.pom (8 KB at 23.4 KB/sec)
Downloading: http://maven.mirrors.travis-ci.org/nexus/content/repositories/sonatype/org/easytesting/fest-util/1.2.5/fest-util-1.2.5.pom
Downloaded: http://maven.mirrors.travis-ci.org/nexus/content/repositories/sonatype/org/easytesting/fest-util/1.2.5/fest-util-1.2.5.pom (2 KB at 5.1 KB/sec)
Downloading: http://maven.mirrors.travis-ci.org/nexus/content/repositories/sonatype/org/mockito/mockito-core/1.9.5/mockito-core-1.9.5.pom
Downloaded: http://maven.mirrors.travis-ci.org/nexus/content/repositories/sonatype/org/mockito/mockito-core/1.9.5/mockito-core-1.9.5.pom (2 KB at 3.7 KB/sec)
Downloading: http://maven.mirrors.travis-ci.org/nexus/content/repositories/sonatype/org/objenesis/objenesis/1.0/objenesis-1.0.pom
Downloaded: http://maven.mirrors.travis-ci.org/nexus/content/repositories/sonatype/org/objenesis/objenesis/1.0/objenesis-1.0.pom (853 B at 2.7 KB/sec)
Downloading: http://maven.mirrors.travis-ci.org/nexus/content/repositories/sonatype/com/google/guava/guava/14.0/guava-14.0.pom
Downloaded: http://maven.mirrors.travis-ci.org/nexus/content/repositories/sonatype/com/google/guava/guava/14.0/guava-14.0.pom (6 KB at 17.6 KB/sec)
Downloading: http://maven.mirrors.travis-ci.org/nexus/content/repositories/sonatype/com/google/guava/guava-parent/14.0/guava-parent-14.0.pom
Downloaded: http://maven.mirrors.travis-ci.org/nexus/content/repositories/sonatype/com/google/guava/guava-parent/14.0/guava-parent-14.0.pom (3 KB at 8.3 KB/sec)
Downloading: http://maven.mirrors.travis-ci.org/nexus/content/repositories/sonatype/com/google/code/gson/gson/2.2.3/gson-2.2.3.jar
Downloading: http://maven.mirrors.travis-ci.org/nexus/content/repositories/sonatype/com/google/android/android/4.1.1.4/android-4.1.1.4.jar
Downloading: http://maven.mirrors.travis-ci.org/nexus/content/repositories/sonatype/commons-logging/commons-logging/1.1.1/commons-logging-1.1.1.jar
Downloading: http://maven.mirrors.travis-ci.org/nexus/content/repositories/sonatype/org/apache/httpcomponents/httpclient/4.0.1/httpclient-4.0.1.jar
Downloading: http://maven.mirrors.travis-ci.org/nexus/content/repositories/sonatype/org/khronos/opengl-api/gl1.1-android-2.1_r1/opengl-api-gl1.1-android-2.1_r1.jar
Downloading: http://maven.mirrors.travis-ci.org/nexus/content/repositories/sonatype/xerces/xmlParserAPIs/2.6.2/xmlParserAPIs-2.6.2.jar
Downloading: http://maven.mirrors.travis-ci.org/nexus/content/repositories/sonatype/xpp3/xpp3/1.1.4c/xpp3-1.1.4c.jar
Downloading: http://maven.mirrors.travis-ci.org/nexus/content/repositories/sonatype/org/json/json/20080701/json-20080701.jar
Downloaded: http://maven.mirrors.travis-ci.org/nexus/content/repositories/sonatype/com/google/code/gson/gson/2.2.3/gson-2.2.3.jar (190 KB at 197.5 KB/sec)
Downloading: http://maven.mirrors.travis-ci.org/nexus/content/repositories/sonatype/com/squareup/okhttp/okhttp/1.0.1/okhttp-1.0.1.jar
Downloading: http://maven.mirrors.travis-ci.org/nexus/content/repositories/sonatype/junit/junit/4.10/junit-4.10.jar
Downloading: http://maven.mirrors.travis-ci.org/nexus/content/repositories/sonatype/org/hamcrest/hamcrest-core/1.1/hamcrest-core-1.1.jar
Downloading: http://maven.mirrors.travis-ci.org/nexus/content/repositories/sonatype/org/easytesting/fest-assert-core/2.0M10/fest-assert-core-2.0M10.jar
Downloaded: http://maven.mirrors.travis-ci.org/nexus/content/repositories/sonatype/com/squareup/okhttp/okhttp/1.0.1/okhttp-1.0.1.jar (187 KB at 302.9 KB/sec)
Downloading: http://maven.mirrors.travis-ci.org/nexus/content/repositories/sonatype/org/easytesting/fest-util/1.2.5/fest-util-1.2.5.jar
Downloaded: http://maven.mirrors.travis-ci.org/nexus/content/repositories/sonatype/org/easytesting/fest-util/1.2.5/fest-util-1.2.5.jar (32 KB at 147.7 KB/sec)
Downloading: http://maven.mirrors.travis-ci.org/nexus/content/repositories/sonatype/org/mockito/mockito-core/1.9.5/mockito-core-1.9.5.jar
Downloaded: http://maven.mirrors.travis-ci.org/nexus/content/repositories/sonatype/org/hamcrest/hamcrest-core/1.1/hamcrest-core-1.1.jar (75 KB at 126.2 KB/sec)
Downloading: http://maven.mirrors.travis-ci.org/nexus/content/repositories/sonatype/org/objenesis/objenesis/1.0/objenesis-1.0.jar
Downloaded: http://maven.mirrors.travis-ci.org/nexus/content/repositories/sonatype/org/objenesis/objenesis/1.0/objenesis-1.0.jar (28 KB at 92.4 KB/sec)
Downloading: http://maven.mirrors.travis-ci.org/nexus/content/repositories/sonatype/com/google/guava/guava/14.0/guava-14.0.jar
Downloaded: http://maven.mirrors.travis-ci.org/nexus/content/repositories/sonatype/junit/junit/4.10/junit-4.10.jar (248 KB at 254.6 KB/sec)
Downloaded: http://maven.mirrors.travis-ci.org/nexus/content/repositories/sonatype/org/easytesting/fest-assert-core/2.0M10/fest-assert-core-2.0M10.jar (262 KB at 270.8 KB/sec)
Downloaded: http://maven.mirrors.travis-ci.org/nexus/content/repositories/sonatype/org/mockito/mockito-core/1.9.5/mockito-core-1.9.5.jar (1465 KB at 600.8 KB/sec)
Downloaded: http://maven.mirrors.travis-ci.org/nexus/content/repositories/sonatype/com/google/guava/guava/14.0/guava-14.0.jar (2138 KB at 609.4 KB/sec)
Downloaded: http://maven.mirrors.travis-ci.org/nexus/content/repositories/sonatype/com/google/android/android/4.1.1.4/android-4.1.1.4.jar (12645 KB at 846.2 KB/sec)
Downloading: https://repository.apache.org/releases/commons-logging/commons-logging/1.1.1/commons-logging-1.1.1.jar
Downloading: https://repository.apache.org/releases/org/apache/httpcomponents/httpclient/4.0.1/httpclient-4.0.1.jar
Downloading: https://repository.apache.org/releases/org/khronos/opengl-api/gl1.1-android-2.1_r1/opengl-api-gl1.1-android-2.1_r1.jar
Downloading: https://repository.apache.org/releases/xerces/xmlParserAPIs/2.6.2/xmlParserAPIs-2.6.2.jar
Downloading: https://repository.apache.org/releases/xpp3/xpp3/1.1.4c/xpp3-1.1.4c.jar
Downloading: https://repository.apache.org/releases/org/json/json/20080701/json-20080701.jar
Downloading: http://maven.mirrors.travis-ci.org/nexus/content/repositories/central/commons-logging/commons-logging/1.1.1/commons-logging-1.1.1.jar
Downloading: http://maven.mirrors.travis-ci.org/nexus/content/repositories/central/org/apache/httpcomponents/httpclient/4.0.1/httpclient-4.0.1.jar
Downloading: http://maven.mirrors.travis-ci.org/nexus/content/repositories/central/org/khronos/opengl-api/gl1.1-android-2.1_r1/opengl-api-gl1.1-android-2.1_r1.jar
Downloading: http://maven.mirrors.travis-ci.org/nexus/content/repositories/central/xerces/xmlParserAPIs/2.6.2/xmlParserAPIs-2.6.2.jar
Downloading: http://maven.mirrors.travis-ci.org/nexus/content/repositories/central/xpp3/xpp3/1.1.4c/xpp3-1.1.4c.jar
Downloaded: http://maven.mirrors.travis-ci.org/nexus/content/repositories/central/org/khronos/opengl-api/gl1.1-android-2.1_r1/opengl-api-gl1.1-android-2.1_r1.jar (19 KB at 45.7 KB/sec)
Downloading: http://maven.mirrors.travis-ci.org/nexus/content/repositories/central/org/json/json/20080701/json-20080701.jar
Downloaded: http://maven.mirrors.travis-ci.org/nexus/content/repositories/central/commons-logging/commons-logging/1.1.1/commons-logging-1.1.1.jar (60 KB at 96.2 KB/sec)
Downloaded: http://maven.mirrors.travis-ci.org/nexus/content/repositories/central/xpp3/xpp3/1.1.4c/xpp3-1.1.4c.jar (118 KB at 150.7 KB/sec)
Downloaded: http://maven.mirrors.travis-ci.org/nexus/content/repositories/central/xerces/xmlParserAPIs/2.6.2/xmlParserAPIs-2.6.2.jar (122 KB at 155.0 KB/sec)
Downloaded: http://maven.mirrors.travis-ci.org/nexus/content/repositories/central/org/json/json/20080701/json-20080701.jar (37 KB at 93.6 KB/sec)
Downloaded: http://maven.mirrors.travis-ci.org/nexus/content/repositories/central/org/apache/httpcomponents/httpclient/4.0.1/httpclient-4.0.1.jar (285 KB at 290.3 KB/sec)
[INFO] 
[INFO] --- maven-enforcer-plugin:1.0:enforce (enforce-maven) @ retrofit ---
[INFO] 
[INFO] --- maven-resources-plugin:2.3:resources (default-resources) @ retrofit ---
Downloading: http://maven.mirrors.travis-ci.org/nexus/content/repositories/central/org/apache/maven/shared/maven-filtering/1.0-beta-2/maven-filtering-1.0-beta-2.pom
Downloaded: http://maven.mirrors.travis-ci.org/nexus/content/repositories/central/org/apache/maven/shared/maven-filtering/1.0-beta-2/maven-filtering-1.0-beta-2.pom (4 KB at 7.1 KB/sec)
Downloading: http://maven.mirrors.travis-ci.org/nexus/content/repositories/central/org/apache/maven/shared/maven-shared-components/10/maven-shared-components-10.pom
Downloaded: http://maven.mirrors.travis-ci.org/nexus/content/repositories/central/org/apache/maven/shared/maven-shared-components/10/maven-shared-components-10.pom (9 KB at 19.9 KB/sec)
Downloading: http://maven.mirrors.travis-ci.org/nexus/content/repositories/central/org/apache/maven/maven-core/2.0.6/maven-core-2.0.6.pom
Downloaded: http://maven.mirrors.travis-ci.org/nexus/content/repositories/central/org/apache/maven/maven-core/2.0.6/maven-core-2.0.6.pom (7 KB at 20.7 KB/sec)
Downloading: http://maven.mirrors.travis-ci.org/nexus/content/repositories/central/org/apache/maven/maven-plugin-parameter-documenter/2.0.6/maven-plugin-parameter-documenter-2.0.6.pom
Downloaded: http://maven.mirrors.travis-ci.org/nexus/content/repositories/central/org/apache/maven/maven-plugin-parameter-documenter/2.0.6/maven-plugin-parameter-documenter-2.0.6.pom (2 KB at 6.0 KB/sec)
Downloading: http://maven.mirrors.travis-ci.org/nexus/content/repositories/central/org/apache/maven/maven-error-diagnostics/2.0.6/maven-error-diagnostics-2.0.6.pom
Downloaded: http://maven.mirrors.travis-ci.org/nexus/content/repositories/central/org/apache/maven/maven-error-diagnostics/2.0.6/maven-error-diagnostics-2.0.6.pom (2 KB at 5.5 KB/sec)
Downloading: http://maven.mirrors.travis-ci.org/nexus/content/repositories/central/org/apache/maven/maven-plugin-descriptor/2.0.6/maven-plugin-descriptor-2.0.6.pom
Downloaded: http://maven.mirrors.travis-ci.org/nexus/content/repositories/central/org/apache/maven/maven-plugin-descriptor/2.0.6/maven-plugin-descriptor-2.0.6.pom (2 KB at 6.6 KB/sec)
Downloading: http://maven.mirrors.travis-ci.org/nexus/content/repositories/central/org/apache/maven/maven-monitor/2.0.6/maven-monitor-2.0.6.pom
Downloaded: http://maven.mirrors.travis-ci.org/nexus/content/repositories/central/org/apache/maven/maven-monitor/2.0.6/maven-monitor-2.0.6.pom (2 KB at 3.9 KB/sec)
Downloading: http://maven.mirrors.travis-ci.org/nexus/content/repositories/central/org/codehaus/plexus/plexus-interpolation/1.6/plexus-interpolation-1.6.pom
Downloaded: http://maven.mirrors.travis-ci.org/nexus/content/repositories/central/org/codehaus/plexus/plexus-interpolation/1.6/plexus-interpolation-1.6.pom (3 KB at 9.6 KB/sec)
Downloading: http://maven.mirrors.travis-ci.org/nexus/content/repositories/central/org/apache/maven/shared/maven-filtering/1.0-beta-2/maven-filtering-1.0-beta-2.jar
Downloading: http://maven.mirrors.travis-ci.org/nexus/content/repositories/central/org/apache/maven/reporting/maven-reporting-api/2.0.6/maven-reporting-api-2.0.6.jar
Downloading: http://maven.mirrors.travis-ci.org/nexus/content/repositories/central/org/apache/maven/doxia/doxia-sink-api/1.0-alpha-7/doxia-sink-api-1.0-alpha-7.jar
Downloading: http://maven.mirrors.travis-ci.org/nexus/content/repositories/central/org/codehaus/plexus/plexus-interpolation/1.6/plexus-interpolation-1.6.jar
Downloaded: http://maven.mirrors.travis-ci.org/nexus/content/repositories/central/org/apache/maven/doxia/doxia-sink-api/1.0-alpha-7/doxia-sink-api-1.0-alpha-7.jar (6 KB at 19.3 KB/sec)
Downloaded: http://maven.mirrors.travis-ci.org/nexus/content/repositories/central/org/apache/maven/reporting/maven-reporting-api/2.0.6/maven-reporting-api-2.0.6.jar (10 KB at 24.6 KB/sec)
Downloaded: http://maven.mirrors.travis-ci.org/nexus/content/repositories/central/org/apache/maven/shared/maven-filtering/1.0-beta-2/maven-filtering-1.0-beta-2.jar (33 KB at 66.4 KB/sec)
Downloaded: http://maven.mirrors.travis-ci.org/nexus/content/repositories/central/org/codehaus/plexus/plexus-interpolation/1.6/plexus-interpolation-1.6.jar (50 KB at 85.6 KB/sec)
[INFO] Using 'UTF-8' encoding to copy filtered resources.
[INFO] skip non existing resourceDirectory /home/travis/build/square/retrofit/retrofit/src/main/resources
[INFO] 
[INFO] --- maven-compiler-plugin:3.0:compile (default-compile) @ retrofit ---
Downloading: http://maven.mirrors.travis-ci.org/nexus/content/repositories/central/org/codehaus/plexus/plexus-utils/1.5.1/plexus-utils-1.5.1.pom
Downloaded: http://maven.mirrors.travis-ci.org/nexus/content/repositories/central/org/codehaus/plexus/plexus-utils/1.5.1/plexus-utils-1.5.1.pom (3 KB at 7.6 KB/sec)
Downloading: http://maven.mirrors.travis-ci.org/nexus/content/repositories/central/org/apache/maven/maven-toolchain/1.0/maven-toolchain-1.0.pom
Downloaded: http://maven.mirrors.travis-ci.org/nexus/content/repositories/central/org/apache/maven/maven-toolchain/1.0/maven-toolchain-1.0.pom (4 KB at 10.6 KB/sec)
Downloading: http://maven.mirrors.travis-ci.org/nexus/content/repositories/central/org/apache/maven/shared/maven-shared-utils/0.1/maven-shared-utils-0.1.pom
Downloaded: http://maven.mirrors.travis-ci.org/nexus/content/repositories/central/org/apache/maven/shared/maven-shared-utils/0.1/maven-shared-utils-0.1.pom (4 KB at 12.5 KB/sec)
Downloading: http://maven.mirrors.travis-ci.org/nexus/content/repositories/central/org/apache/maven/shared/maven-shared-components/18/maven-shared-components-18.pom
Downloaded: http://maven.mirrors.travis-ci.org/nexus/content/repositories/central/org/apache/maven/shared/maven-shared-components/18/maven-shared-components-18.pom (5 KB at 15.2 KB/sec)
Downloading: http://maven.mirrors.travis-ci.org/nexus/content/repositories/central/com/google/code/findbugs/jsr305/2.0.1/jsr305-2.0.1.pom
Downloaded: http://maven.mirrors.travis-ci.org/nexus/content/repositories/central/com/google/code/findbugs/jsr305/2.0.1/jsr305-2.0.1.pom (965 B at 3.0 KB/sec)
Downloading: http://maven.mirrors.travis-ci.org/nexus/content/repositories/central/org/apache/maven/shared/maven-shared-incremental/1.0/maven-shared-incremental-1.0.pom
Downloaded: http://maven.mirrors.travis-ci.org/nexus/content/repositories/central/org/apache/maven/shared/maven-shared-incremental/1.0/maven-shared-incremental-1.0.pom (5 KB at 15.5 KB/sec)
Downloading: http://maven.mirrors.travis-ci.org/nexus/content/repositories/central/org/apache/maven/maven-core/2.2.1/maven-core-2.2.1.pom
Downloaded: http://maven.mirrors.travis-ci.org/nexus/content/repositories/central/org/apache/maven/maven-core/2.2.1/maven-core-2.2.1.pom (12 KB at 28.7 KB/sec)
Downloading: http://maven.mirrors.travis-ci.org/nexus/content/repositories/central/org/apache/maven/maven-plugin-parameter-documenter/2.2.1/maven-plugin-parameter-documenter-2.2.1.pom
Downloaded: http://maven.mirrors.travis-ci.org/nexus/content/repositories/central/org/apache/maven/maven-plugin-parameter-documenter/2.2.1/maven-plugin-parameter-documenter-2.2.1.pom (2 KB at 6.3 KB/sec)
Downloading: http://maven.mirrors.travis-ci.org/nexus/content/repositories/central/org/slf4j/slf4j-jdk14/1.5.6/slf4j-jdk14-1.5.6.pom
Downloaded: http://maven.mirrors.travis-ci.org/nexus/content/repositories/central/org/slf4j/slf4j-jdk14/1.5.6/slf4j-jdk14-1.5.6.pom (2 KB at 6.2 KB/sec)
Downloading: http://maven.mirrors.travis-ci.org/nexus/content/repositories/central/org/slf4j/slf4j-parent/1.5.6/slf4j-parent-1.5.6.pom
Downloaded: http://maven.mirrors.travis-ci.org/nexus/content/repositories/central/org/slf4j/slf4j-parent/1.5.6/slf4j-parent-1.5.6.pom (8 KB at 24.3 KB/sec)
Downloading: http://maven.mirrors.travis-ci.org/nexus/content/repositories/central/org/slf4j/slf4j-api/1.5.6/slf4j-api-1.5.6.pom
Downloaded: http://maven.mirrors.travis-ci.org/nexus/content/repositories/central/org/slf4j/slf4j-api/1.5.6/slf4j-api-1.5.6.pom (3 KB at 9.3 KB/sec)
Downloading: http://maven.mirrors.travis-ci.org/nexus/content/repositories/central/org/slf4j/jcl-over-slf4j/1.5.6/jcl-over-slf4j-1.5.6.pom
Downloaded: http://maven.mirrors.travis-ci.org/nexus/content/repositories/central/org/slf4j/jcl-over-slf4j/1.5.6/jcl-over-slf4j-1.5.6.pom (3 KB at 6.8 KB/sec)
Downloading: http://maven.mirrors.travis-ci.org/nexus/content/repositories/central/org/apache/maven/maven-error-diagnostics/2.2.1/maven-error-diagnostics-2.2.1.pom
Downloaded: http://maven.mirrors.travis-ci.org/nexus/content/repositories/central/org/apache/maven/maven-error-diagnostics/2.2.1/maven-error-diagnostics-2.2.1.pom (2 KB at 5.3 KB/sec)
Downloading: http://maven.mirrors.travis-ci.org/nexus/content/repositories/central/org/apache/maven/maven-plugin-descriptor/2.2.1/maven-plugin-descriptor-2.2.1.pom
Downloaded: http://maven.mirrors.travis-ci.org/nexus/content/repositories/central/org/apache/maven/maven-plugin-descriptor/2.2.1/maven-plugin-descriptor-2.2.1.pom (3 KB at 6.4 KB/sec)
Downloading: http://maven.mirrors.travis-ci.org/nexus/content/repositories/central/org/apache/maven/maven-monitor/2.2.1/maven-monitor-2.2.1.pom
Downloaded: http://maven.mirrors.travis-ci.org/nexus/content/repositories/central/org/apache/maven/maven-monitor/2.2.1/maven-monitor-2.2.1.pom (2 KB at 3.9 KB/sec)
Downloading: http://maven.mirrors.travis-ci.org/nexus/content/repositories/central/org/sonatype/plexus/plexus-sec-dispatcher/1.3/plexus-sec-dispatcher-1.3.pom
Downloaded: http://maven.mirrors.travis-ci.org/nexus/content/repositories/central/org/sonatype/plexus/plexus-sec-dispatcher/1.3/plexus-sec-dispatcher-1.3.pom (3 KB at 9.6 KB/sec)
Downloading: http://maven.mirrors.travis-ci.org/nexus/content/repositories/central/org/sonatype/spice/spice-parent/12/spice-parent-12.pom
Downloaded: http://maven.mirrors.travis-ci.org/nexus/content/repositories/central/org/sonatype/spice/spice-parent/12/spice-parent-12.pom (7 KB at 22.2 KB/sec)
Downloading: http://maven.mirrors.travis-ci.org/nexus/content/repositories/central/org/sonatype/forge/forge-parent/4/forge-parent-4.pom
Downloaded: http://maven.mirrors.travis-ci.org/nexus/content/repositories/central/org/sonatype/forge/forge-parent/4/forge-parent-4.pom (9 KB at 21.0 KB/sec)
Downloading: http://maven.mirrors.travis-ci.org/nexus/content/repositories/central/org/sonatype/plexus/plexus-cipher/1.4/plexus-cipher-1.4.pom
Downloaded: http://maven.mirrors.travis-ci.org/nexus/content/repositories/central/org/sonatype/plexus/plexus-cipher/1.4/plexus-cipher-1.4.pom (3 KB at 6.7 KB/sec)
Downloading: http://maven.mirrors.travis-ci.org/nexus/content/repositories/central/org/codehaus/plexus/plexus-component-annotations/1.5.5/plexus-component-annotations-1.5.5.pom
Downloaded: http://maven.mirrors.travis-ci.org/nexus/content/repositories/central/org/codehaus/plexus/plexus-component-annotations/1.5.5/plexus-component-annotations-1.5.5.pom (815 B at 2.5 KB/sec)
Downloading: http://maven.mirrors.travis-ci.org/nexus/content/repositories/central/org/codehaus/plexus/plexus-containers/1.5.5/plexus-containers-1.5.5.pom
Downloaded: http://maven.mirrors.travis-ci.org/nexus/content/repositories/central/org/codehaus/plexus/plexus-containers/1.5.5/plexus-containers-1.5.5.pom (5 KB at 13.2 KB/sec)
Downloading: http://maven.mirrors.travis-ci.org/nexus/content/repositories/central/org/codehaus/plexus/plexus/2.0.7/plexus-2.0.7.pom
Downloaded: http://maven.mirrors.travis-ci.org/nexus/content/repositories/central/org/codehaus/plexus/plexus/2.0.7/plexus-2.0.7.pom (17 KB at 40.9 KB/sec)
Downloading: http://maven.mirrors.travis-ci.org/nexus/content/repositories/central/org/codehaus/plexus/plexus-compiler-api/2.0/plexus-compiler-api-2.0.pom
Downloaded: http://maven.mirrors.travis-ci.org/nexus/content/repositories/central/org/codehaus/plexus/plexus-compiler-api/2.0/plexus-compiler-api-2.0.pom (865 B at 2.7 KB/sec)
Downloading: http://maven.mirrors.travis-ci.org/nexus/content/repositories/central/org/codehaus/plexus/plexus-compiler/2.0/plexus-compiler-2.0.pom
Downloaded: http://maven.mirrors.travis-ci.org/nexus/content/repositories/central/org/codehaus/plexus/plexus-compiler/2.0/plexus-compiler-2.0.pom (4 KB at 11.6 KB/sec)
Downloading: http://maven.mirrors.travis-ci.org/nexus/content/repositories/central/org/codehaus/plexus/plexus-components/1.3/plexus-components-1.3.pom
Downloaded: http://maven.mirrors.travis-ci.org/nexus/content/repositories/central/org/codehaus/plexus/plexus-components/1.3/plexus-components-1.3.pom (3 KB at 9.9 KB/sec)
Downloading: http://maven.mirrors.travis-ci.org/nexus/content/repositories/central/org/codehaus/plexus/plexus/3.3/plexus-3.3.pom
Downloaded: http://maven.mirrors.travis-ci.org/nexus/content/repositories/central/org/codehaus/plexus/plexus/3.3/plexus-3.3.pom (20 KB at 49.2 KB/sec)
Downloading: http://maven.mirrors.travis-ci.org/nexus/content/repositories/central/org/sonatype/spice/spice-parent/17/spice-parent-17.pom
Downloaded: http://maven.mirrors.travis-ci.org/nexus/content/repositories/central/org/sonatype/spice/spice-parent/17/spice-parent-17.pom (7 KB at 21.9 KB/sec)
Downloading: http://maven.mirrors.travis-ci.org/nexus/content/repositories/central/org/sonatype/forge/forge-parent/10/forge-parent-10.pom
Downloaded: http://maven.mirrors.travis-ci.org/nexus/content/repositories/central/org/sonatype/forge/forge-parent/10/forge-parent-10.pom (14 KB at 33.4 KB/sec)
Downloading: http://maven.mirrors.travis-ci.org/nexus/content/repositories/central/org/codehaus/plexus/plexus-utils/3.0.8/plexus-utils-3.0.8.pom
Downloaded: http://maven.mirrors.travis-ci.org/nexus/content/repositories/central/org/codehaus/plexus/plexus-utils/3.0.8/plexus-utils-3.0.8.pom (4 KB at 9.7 KB/sec)
Downloading: http://maven.mirrors.travis-ci.org/nexus/content/repositories/central/org/codehaus/plexus/plexus/3.2/plexus-3.2.pom
Downloaded: http://maven.mirrors.travis-ci.org/nexus/content/repositories/central/org/codehaus/plexus/plexus/3.2/plexus-3.2.pom (19 KB at 43.6 KB/sec)
Downloading: http://maven.mirrors.travis-ci.org/nexus/content/repositories/central/org/codehaus/plexus/plexus-compiler-manager/2.0/plexus-compiler-manager-2.0.pom
Downloaded: http://maven.mirrors.travis-ci.org/nexus/content/repositories/central/org/codehaus/plexus/plexus-compiler-manager/2.0/plexus-compiler-manager-2.0.pom (690 B at 2.1 KB/sec)
Downloading: http://maven.mirrors.travis-ci.org/nexus/content/repositories/central/org/codehaus/plexus/plexus-compiler-javac/2.0/plexus-compiler-javac-2.0.pom
Downloaded: http://maven.mirrors.travis-ci.org/nexus/content/repositories/central/org/codehaus/plexus/plexus-compiler-javac/2.0/plexus-compiler-javac-2.0.pom (769 B at 2.3 KB/sec)
Downloading: http://maven.mirrors.travis-ci.org/nexus/content/repositories/central/org/codehaus/plexus/plexus-compilers/2.0/plexus-compilers-2.0.pom
Downloaded: http://maven.mirrors.travis-ci.org/nexus/content/repositories/central/org/codehaus/plexus/plexus-compilers/2.0/plexus-compilers-2.0.pom (2 KB at 3.9 KB/sec)
Downloading: http://maven.mirrors.travis-ci.org/nexus/content/repositories/central/org/codehaus/plexus/plexus-container-default/1.5.5/plexus-container-default-1.5.5.pom
Downloaded: http://maven.mirrors.travis-ci.org/nexus/content/repositories/central/org/codehaus/plexus/plexus-container-default/1.5.5/plexus-container-default-1.5.5.pom (3 KB at 8.4 KB/sec)
Downloading: http://maven.mirrors.travis-ci.org/nexus/content/repositories/central/org/codehaus/plexus/plexus-classworlds/2.2.2/plexus-classworlds-2.2.2.pom
Downloaded: http://maven.mirrors.travis-ci.org/nexus/content/repositories/central/org/codehaus/plexus/plexus-classworlds/2.2.2/plexus-classworlds-2.2.2.pom (4 KB at 12.5 KB/sec)
Downloading: http://maven.mirrors.travis-ci.org/nexus/content/repositories/central/org/apache/xbean/xbean-reflect/3.4/xbean-reflect-3.4.pom
Downloaded: http://maven.mirrors.travis-ci.org/nexus/content/repositories/central/org/apache/xbean/xbean-reflect/3.4/xbean-reflect-3.4.pom (3 KB at 8.7 KB/sec)
Downloading: http://maven.mirrors.travis-ci.org/nexus/content/repositories/central/org/apache/xbean/xbean/3.4/xbean-3.4.pom
Downloaded: http://maven.mirrors.travis-ci.org/nexus/content/repositories/central/org/apache/xbean/xbean/3.4/xbean-3.4.pom (19 KB at 45.6 KB/sec)
Downloading: http://maven.mirrors.travis-ci.org/nexus/content/repositories/central/log4j/log4j/1.2.12/log4j-1.2.12.pom
Downloaded: http://maven.mirrors.travis-ci.org/nexus/content/repositories/central/log4j/log4j/1.2.12/log4j-1.2.12.pom (145 B at 0.5 KB/sec)
Downloading: http://maven.mirrors.travis-ci.org/nexus/content/repositories/central/commons-logging/commons-logging-api/1.1/commons-logging-api-1.1.pom
Downloaded: http://maven.mirrors.travis-ci.org/nexus/content/repositories/central/commons-logging/commons-logging-api/1.1/commons-logging-api-1.1.pom (6 KB at 17.5 KB/sec)
Downloading: http://maven.mirrors.travis-ci.org/nexus/content/repositories/central/org/codehaus/plexus/plexus-utils/1.5.1/plexus-utils-1.5.1.jar
Downloading: http://maven.mirrors.travis-ci.org/nexus/content/repositories/central/org/apache/maven/shared/maven-shared-utils/0.1/maven-shared-utils-0.1.jar
Downloading: http://maven.mirrors.travis-ci.org/nexus/content/repositories/central/com/google/code/findbugs/jsr305/2.0.1/jsr305-2.0.1.jar
Downloading: http://maven.mirrors.travis-ci.org/nexus/content/repositories/central/org/apache/maven/shared/maven-shared-incremental/1.0/maven-shared-incremental-1.0.jar
Downloading: http://maven.mirrors.travis-ci.org/nexus/content/repositories/central/org/codehaus/plexus/plexus-component-annotations/1.5.5/plexus-component-annotations-1.5.5.jar
Downloaded: http://maven.mirrors.travis-ci.org/nexus/content/repositories/central/org/codehaus/plexus/plexus-component-annotations/1.5.5/plexus-component-annotations-1.5.5.jar (5 KB at 13.5 KB/sec)
Downloading: http://maven.mirrors.travis-ci.org/nexus/content/repositories/central/org/codehaus/plexus/plexus-compiler-api/2.0/plexus-compiler-api-2.0.jar
Downloaded: http://maven.mirrors.travis-ci.org/nexus/content/repositories/central/org/apache/maven/shared/maven-shared-incremental/1.0/maven-shared-incremental-1.0.jar (13 KB at 29.9 KB/sec)
Downloading: http://maven.mirrors.travis-ci.org/nexus/content/repositories/central/org/codehaus/plexus/plexus-compiler-manager/2.0/plexus-compiler-manager-2.0.jar
Downloaded: http://maven.mirrors.travis-ci.org/nexus/content/repositories/central/com/google/code/findbugs/jsr305/2.0.1/jsr305-2.0.1.jar (32 KB at 62.6 KB/sec)
Downloading: http://maven.mirrors.travis-ci.org/nexus/content/repositories/central/org/codehaus/plexus/plexus-compiler-javac/2.0/plexus-compiler-javac-2.0.jar
Downloaded: http://maven.mirrors.travis-ci.org/nexus/content/repositories/central/org/codehaus/plexus/plexus-compiler-api/2.0/plexus-compiler-api-2.0.jar (25 KB at 81.1 KB/sec)
Downloading: http://maven.mirrors.travis-ci.org/nexus/content/repositories/central/org/apache/xbean/xbean-reflect/3.4/xbean-reflect-3.4.jar
Downloaded: http://maven.mirrors.travis-ci.org/nexus/content/repositories/central/org/codehaus/plexus/plexus-compiler-manager/2.0/plexus-compiler-manager-2.0.jar (5 KB at 21.4 KB/sec)
Downloading: http://maven.mirrors.travis-ci.org/nexus/content/repositories/central/log4j/log4j/1.2.12/log4j-1.2.12.jar
Downloaded: http://maven.mirrors.travis-ci.org/nexus/content/repositories/central/org/codehaus/plexus/plexus-compiler-javac/2.0/plexus-compiler-javac-2.0.jar (19 KB at 89.5 KB/sec)
Downloading: http://maven.mirrors.travis-ci.org/nexus/content/repositories/central/commons-logging/commons-logging-api/1.1/commons-logging-api-1.1.jar
Downloaded: http://maven.mirrors.travis-ci.org/nexus/content/repositories/central/org/apache/maven/shared/maven-shared-utils/0.1/maven-shared-utils-0.1.jar (151 KB at 168.0 KB/sec)
Downloading: http://maven.mirrors.travis-ci.org/nexus/content/repositories/central/junit/junit/3.8.2/junit-3.8.2.jar
Downloaded: http://maven.mirrors.travis-ci.org/nexus/content/repositories/central/org/codehaus/plexus/plexus-utils/1.5.1/plexus-utils-1.5.1.jar (206 KB at 208.7 KB/sec)
Downloaded: http://maven.mirrors.travis-ci.org/nexus/content/repositories/central/commons-logging/commons-logging-api/1.1/commons-logging-api-1.1.jar (44 KB at 109.4 KB/sec)
Downloaded: http://maven.mirrors.travis-ci.org/nexus/content/repositories/central/org/apache/xbean/xbean-reflect/3.4/xbean-reflect-3.4.jar (131 KB at 220.8 KB/sec)
Downloaded: http://maven.mirrors.travis-ci.org/nexus/content/repositories/central/junit/junit/3.8.2/junit-3.8.2.jar (118 KB at 292.3 KB/sec)
Downloaded: http://maven.mirrors.travis-ci.org/nexus/content/repositories/central/log4j/log4j/1.2.12/log4j-1.2.12.jar (350 KB at 294.6 KB/sec)
[INFO] Changes detected - recompiling the module!
[INFO] Compiling 49 source files to /home/travis/build/square/retrofit/retrofit/target/classes
[WARNING] /home/travis/build/square/retrofit/retrofit/src/main/java/retrofit/RestAdapter.java: /home/travis/build/square/retrofit/retrofit/src/main/java/retrofit/RestAdapter.java uses unchecked or unsafe operations.
[WARNING] /home/travis/build/square/retrofit/retrofit/src/main/java/retrofit/RestAdapter.java: Recompile with -Xlint:unchecked for details.
[INFO] 
[INFO] --- maven-resources-plugin:2.3:testResources (default-testResources) @ retrofit ---
[INFO] Using 'UTF-8' encoding to copy filtered resources.
[INFO] skip non existing resourceDirectory /home/travis/build/square/retrofit/retrofit/src/test/resources
[INFO] 
[INFO] --- maven-compiler-plugin:3.0:testCompile (default-testCompile) @ retrofit ---
[INFO] Changes detected - recompiling the module!
[INFO] Compiling 14 source files to /home/travis/build/square/retrofit/retrofit/target/test-classes
[WARNING] /home/travis/build/square/retrofit/retrofit/src/test/java/retrofit/CallbackRunnableTest.java: Some input files use unchecked or unsafe operations.
[WARNING] /home/travis/build/square/retrofit/retrofit/src/test/java/retrofit/CallbackRunnableTest.java: Recompile with -Xlint:unchecked for details.
[INFO] 
[INFO] --- maven-surefire-plugin:2.10:test (default-test) @ retrofit ---
Downloading: http://maven.mirrors.travis-ci.org/nexus/content/repositories/central/org/apache/maven/surefire/surefire-booter/2.10/surefire-booter-2.10.pom
Downloaded: http://maven.mirrors.travis-ci.org/nexus/content/repositories/central/org/apache/maven/surefire/surefire-booter/2.10/surefire-booter-2.10.pom (3 KB at 9.4 KB/sec)
Downloading: http://maven.mirrors.travis-ci.org/nexus/content/repositories/central/org/apache/maven/surefire/surefire-api/2.10/surefire-api-2.10.pom
Downloaded: http://maven.mirrors.travis-ci.org/nexus/content/repositories/central/org/apache/maven/surefire/surefire-api/2.10/surefire-api-2.10.pom (3 KB at 7.1 KB/sec)
Downloading: http://maven.mirrors.travis-ci.org/nexus/content/repositories/central/org/apache/maven/surefire/maven-surefire-common/2.10/maven-surefire-common-2.10.pom
Downloaded: http://maven.mirrors.travis-ci.org/nexus/content/repositories/central/org/apache/maven/surefire/maven-surefire-common/2.10/maven-surefire-common-2.10.pom (4 KB at 13.0 KB/sec)
Downloading: http://maven.mirrors.travis-ci.org/nexus/content/repositories/central/org/codehaus/plexus/plexus-utils/2.1/plexus-utils-2.1.pom
Downloaded: http://maven.mirrors.travis-ci.org/nexus/content/repositories/central/org/codehaus/plexus/plexus-utils/2.1/plexus-utils-2.1.pom (4 KB at 13.2 KB/sec)
Downloading: http://maven.mirrors.travis-ci.org/nexus/content/repositories/central/org/sonatype/spice/spice-parent/16/spice-parent-16.pom
Downloaded: http://maven.mirrors.travis-ci.org/nexus/content/repositories/central/org/sonatype/spice/spice-parent/16/spice-parent-16.pom (9 KB at 20.6 KB/sec)
Downloading: http://maven.mirrors.travis-ci.org/nexus/content/repositories/central/org/sonatype/forge/forge-parent/5/forge-parent-5.pom
Downloaded: http://maven.mirrors.travis-ci.org/nexus/content/repositories/central/org/sonatype/forge/forge-parent/5/forge-parent-5.pom (9 KB at 20.7 KB/sec)
Downloading: http://maven.mirrors.travis-ci.org/nexus/content/repositories/central/org/apache/maven/maven-toolchain/2.0.9/maven-toolchain-2.0.9.pom
Downloaded: http://maven.mirrors.travis-ci.org/nexus/content/repositories/central/org/apache/maven/maven-toolchain/2.0.9/maven-toolchain-2.0.9.pom (4 KB at 10.7 KB/sec)
Downloading: http://maven.mirrors.travis-ci.org/nexus/content/repositories/central/org/apache/maven/shared/maven-common-artifact-filters/1.3/maven-common-artifact-filters-1.3.pom
Downloaded: http://maven.mirrors.travis-ci.org/nexus/content/repositories/central/org/apache/maven/shared/maven-common-artifact-filters/1.3/maven-common-artifact-filters-1.3.pom (4 KB at 11.5 KB/sec)
Downloading: http://maven.mirrors.travis-ci.org/nexus/content/repositories/central/org/apache/maven/shared/maven-shared-components/12/maven-shared-components-12.pom
Downloaded: http://maven.mirrors.travis-ci.org/nexus/content/repositories/central/org/apache/maven/shared/maven-shared-components/12/maven-shared-components-12.pom (10 KB at 21.8 KB/sec)
Downloading: http://maven.mirrors.travis-ci.org/nexus/content/repositories/central/org/apache/maven/maven-parent/13/maven-parent-13.pom
Downloaded: http://maven.mirrors.travis-ci.org/nexus/content/repositories/central/org/apache/maven/maven-parent/13/maven-parent-13.pom (23 KB at 53.5 KB/sec)
Downloading: http://maven.mirrors.travis-ci.org/nexus/content/repositories/central/org/apache/apache/6/apache-6.pom
Downloaded: http://maven.mirrors.travis-ci.org/nexus/content/repositories/central/org/apache/apache/6/apache-6.pom (13 KB at 31.5 KB/sec)
Downloading: http://maven.mirrors.travis-ci.org/nexus/content/repositories/central/org/apache/maven/surefire/surefire-booter/2.10/surefire-booter-2.10.jar
Downloading: http://maven.mirrors.travis-ci.org/nexus/content/repositories/central/org/apache/maven/surefire/surefire-api/2.10/surefire-api-2.10.jar
Downloading: http://maven.mirrors.travis-ci.org/nexus/content/repositories/central/org/apache/maven/surefire/maven-surefire-common/2.10/maven-surefire-common-2.10.jar
Downloading: http://maven.mirrors.travis-ci.org/nexus/content/repositories/central/org/apache/maven/shared/maven-common-artifact-filters/1.3/maven-common-artifact-filters-1.3.jar
Downloading: http://maven.mirrors.travis-ci.org/nexus/content/repositories/central/org/codehaus/plexus/plexus-utils/2.1/plexus-utils-2.1.jar
Downloaded: http://maven.mirrors.travis-ci.org/nexus/content/repositories/central/org/apache/maven/surefire/surefire-booter/2.10/surefire-booter-2.10.jar (34 KB at 66.9 KB/sec)
Downloaded: http://maven.mirrors.travis-ci.org/nexus/content/repositories/central/org/apache/maven/shared/maven-common-artifact-filters/1.3/maven-common-artifact-filters-1.3.jar (31 KB at 61.3 KB/sec)
Downloaded: http://maven.mirrors.travis-ci.org/nexus/content/repositories/central/org/apache/maven/surefire/surefire-api/2.10/surefire-api-2.10.jar (158 KB at 163.6 KB/sec)
Downloaded: http://maven.mirrors.travis-ci.org/nexus/content/repositories/central/org/codehaus/plexus/plexus-utils/2.1/plexus-utils-2.1.jar (220 KB at 225.1 KB/sec)
Downloaded: http://maven.mirrors.travis-ci.org/nexus/content/repositories/central/org/apache/maven/surefire/maven-surefire-common/2.10/maven-surefire-common-2.10.jar (60 KB at 37.5 KB/sec)
[INFO] Tests are skipped.
[INFO] 
[INFO] --- maven-jar-plugin:2.2:jar (default-jar) @ retrofit ---
Downloading: http://maven.mirrors.travis-ci.org/nexus/content/repositories/central/org/apache/maven/maven-project/2.0.7/maven-project-2.0.7.pom
Downloaded: http://maven.mirrors.travis-ci.org/nexus/content/repositories/central/org/apache/maven/maven-project/2.0.7/maven-project-2.0.7.pom (3 KB at 8.6 KB/sec)
Downloading: http://maven.mirrors.travis-ci.org/nexus/content/repositories/central/org/apache/maven/maven/2.0.7/maven-2.0.7.pom
Downloaded: http://maven.mirrors.travis-ci.org/nexus/content/repositories/central/org/apache/maven/maven/2.0.7/maven-2.0.7.pom (11 KB at 26.4 KB/sec)
Downloading: http://maven.mirrors.travis-ci.org/nexus/content/repositories/central/org/apache/maven/maven-settings/2.0.7/maven-settings-2.0.7.pom
Downloaded: http://maven.mirrors.travis-ci.org/nexus/content/repositories/central/org/apache/maven/maven-settings/2.0.7/maven-settings-2.0.7.pom (2 KB at 6.2 KB/sec)
Downloading: http://maven.mirrors.travis-ci.org/nexus/content/repositories/central/org/apache/maven/maven-model/2.0.7/maven-model-2.0.7.pom
Downloaded: http://maven.mirrors.travis-ci.org/nexus/content/repositories/central/org/apache/maven/maven-model/2.0.7/maven-model-2.0.7.pom (3 KB at 9.4 KB/sec)
Downloading: http://maven.mirrors.travis-ci.org/nexus/content/repositories/central/org/apache/maven/maven-profile/2.0.7/maven-profile-2.0.7.pom
Downloaded: http://maven.mirrors.travis-ci.org/nexus/content/repositories/central/org/apache/maven/maven-profile/2.0.7/maven-profile-2.0.7.pom (2 KB at 6.1 KB/sec)
Downloading: http://maven.mirrors.travis-ci.org/nexus/content/repositories/central/org/apache/maven/maven-artifact-manager/2.0.7/maven-artifact-manager-2.0.7.pom
Downloaded: http://maven.mirrors.travis-ci.org/nexus/content/repositories/central/org/apache/maven/maven-artifact-manager/2.0.7/maven-artifact-manager-2.0.7.pom (3 KB at 4.7 KB/sec)
Downloading: http://maven.mirrors.travis-ci.org/nexus/content/repositories/central/org/apache/maven/maven-repository-metadata/2.0.7/maven-repository-metadata-2.0.7.pom
Downloaded: http://maven.mirrors.travis-ci.org/nexus/content/repositories/central/org/apache/maven/maven-repository-metadata/2.0.7/maven-repository-metadata-2.0.7.pom (2 KB at 6.1 KB/sec)
Downloading: http://maven.mirrors.travis-ci.org/nexus/content/repositories/central/org/apache/maven/maven-artifact/2.0.7/maven-artifact-2.0.7.pom
Downloaded: http://maven.mirrors.travis-ci.org/nexus/content/repositories/central/org/apache/maven/maven-artifact/2.0.7/maven-artifact-2.0.7.pom (2 KB at 5.1 KB/sec)
Downloading: http://maven.mirrors.travis-ci.org/nexus/content/repositories/central/org/apache/maven/maven-plugin-registry/2.0.7/maven-plugin-registry-2.0.7.pom
Downloaded: http://maven.mirrors.travis-ci.org/nexus/content/repositories/central/org/apache/maven/maven-plugin-registry/2.0.7/maven-plugin-registry-2.0.7.pom (2 KB at 6.3 KB/sec)
Downloading: http://maven.mirrors.travis-ci.org/nexus/content/repositories/central/org/apache/maven/maven-archiver/2.3/maven-archiver-2.3.pom
Downloaded: http://maven.mirrors.travis-ci.org/nexus/content/repositories/central/org/apache/maven/maven-archiver/2.3/maven-archiver-2.3.pom (4 KB at 12.0 KB/sec)
Downloading: http://maven.mirrors.travis-ci.org/nexus/content/repositories/central/org/apache/maven/shared/maven-shared-components/8/maven-shared-components-8.pom
Downloaded: http://maven.mirrors.travis-ci.org/nexus/content/repositories/central/org/apache/maven/shared/maven-shared-components/8/maven-shared-components-8.pom (3 KB at 8.2 KB/sec)
Downloading: http://maven.mirrors.travis-ci.org/nexus/content/repositories/central/org/apache/maven/maven-artifact/2.0/maven-artifact-2.0.pom
Downloaded: http://maven.mirrors.travis-ci.org/nexus/content/repositories/central/org/apache/maven/maven-artifact/2.0/maven-artifact-2.0.pom (723 B at 2.2 KB/sec)
Downloading: http://maven.mirrors.travis-ci.org/nexus/content/repositories/central/org/apache/maven/maven/2.0/maven-2.0.pom
Downloaded: http://maven.mirrors.travis-ci.org/nexus/content/repositories/central/org/apache/maven/maven/2.0/maven-2.0.pom (9 KB at 20.7 KB/sec)
Downloading: http://maven.mirrors.travis-ci.org/nexus/content/repositories/central/org/apache/maven/maven-model/2.0/maven-model-2.0.pom
Downloaded: http://maven.mirrors.travis-ci.org/nexus/content/repositories/central/org/apache/maven/maven-model/2.0/maven-model-2.0.pom (3 KB at 7.4 KB/sec)
Downloading: http://maven.mirrors.travis-ci.org/nexus/content/repositories/central/org/apache/maven/maven-project/2.0/maven-project-2.0.pom
Downloaded: http://maven.mirrors.travis-ci.org/nexus/content/repositories/central/org/apache/maven/maven-project/2.0/maven-project-2.0.pom (2 KB at 5.1 KB/sec)
Downloading: http://maven.mirrors.travis-ci.org/nexus/content/repositories/central/org/apache/maven/maven-profile/2.0/maven-profile-2.0.pom
Downloaded: http://maven.mirrors.travis-ci.org/nexus/content/repositories/central/org/apache/maven/maven-profile/2.0/maven-profile-2.0.pom (2 KB at 4.2 KB/sec)
Downloading: http://maven.mirrors.travis-ci.org/nexus/content/repositories/central/org/apache/maven/maven-artifact-manager/2.0/maven-artifact-manager-2.0.pom
Downloaded: http://maven.mirrors.travis-ci.org/nexus/content/repositories/central/org/apache/maven/maven-artifact-manager/2.0/maven-artifact-manager-2.0.pom (2 KB at 4.2 KB/sec)
Downloading: http://maven.mirrors.travis-ci.org/nexus/content/repositories/central/org/apache/maven/maven-repository-metadata/2.0/maven-repository-metadata-2.0.pom
Downloaded: http://maven.mirrors.travis-ci.org/nexus/content/repositories/central/org/apache/maven/maven-repository-metadata/2.0/maven-repository-metadata-2.0.pom (2 KB at 3.8 KB/sec)
Downloading: http://maven.mirrors.travis-ci.org/nexus/content/repositories/central/org/codehaus/plexus/plexus-archiver/1.0-alpha-9/plexus-archiver-1.0-alpha-9.pom
Downloaded: http://maven.mirrors.travis-ci.org/nexus/content/repositories/central/org/codehaus/plexus/plexus-archiver/1.0-alpha-9/plexus-archiver-1.0-alpha-9.pom (2 KB at 5.8 KB/sec)
Downloading: http://maven.mirrors.travis-ci.org/nexus/content/repositories/central/org/codehaus/plexus/plexus-components/1.1.9/plexus-components-1.1.9.pom
Downloaded: http://maven.mirrors.travis-ci.org/nexus/content/repositories/central/org/codehaus/plexus/plexus-components/1.1.9/plexus-components-1.1.9.pom (3 KB at 7.9 KB/sec)
Downloading: http://maven.mirrors.travis-ci.org/nexus/content/repositories/central/org/codehaus/plexus/plexus-container-default/1.0-alpha-15/plexus-container-default-1.0-alpha-15.pom
Downloaded: http://maven.mirrors.travis-ci.org/nexus/content/repositories/central/org/codehaus/plexus/plexus-container-default/1.0-alpha-15/plexus-container-default-1.0-alpha-15.pom (2 KB at 5.6 KB/sec)
Downloading: http://maven.mirrors.travis-ci.org/nexus/content/repositories/central/org/codehaus/plexus/plexus-containers/1.0-alpha-15/plexus-containers-1.0-alpha-15.pom
Downloaded: http://maven.mirrors.travis-ci.org/nexus/content/repositories/central/org/codehaus/plexus/plexus-containers/1.0-alpha-15/plexus-containers-1.0-alpha-15.pom (2 KB at 6.1 KB/sec)
Downloading: http://maven.mirrors.travis-ci.org/nexus/content/repositories/central/org/codehaus/plexus/plexus-component-api/1.0-alpha-15/plexus-component-api-1.0-alpha-15.pom
Downloaded: http://maven.mirrors.travis-ci.org/nexus/content/repositories/central/org/codehaus/plexus/plexus-component-api/1.0-alpha-15/plexus-component-api-1.0-alpha-15.pom (948 B at 2.9 KB/sec)
Downloading: http://maven.mirrors.travis-ci.org/nexus/content/repositories/central/org/codehaus/plexus/plexus-classworlds/1.2-alpha-6/plexus-classworlds-1.2-alpha-6.pom
Downloaded: http://maven.mirrors.travis-ci.org/nexus/content/repositories/central/org/codehaus/plexus/plexus-classworlds/1.2-alpha-6/plexus-classworlds-1.2-alpha-6.pom (3 KB at 7.2 KB/sec)
Downloading: http://maven.mirrors.travis-ci.org/nexus/content/repositories/central/org/codehaus/plexus/plexus-io/1.0-alpha-1/plexus-io-1.0-alpha-1.pom
Downloaded: http://maven.mirrors.travis-ci.org/nexus/content/repositories/central/org/codehaus/plexus/plexus-io/1.0-alpha-1/plexus-io-1.0-alpha-1.pom (2 KB at 4.0 KB/sec)
Downloading: http://maven.mirrors.travis-ci.org/nexus/content/repositories/central/org/codehaus/plexus/plexus-component-api/1.0-alpha-16/plexus-component-api-1.0-alpha-16.pom
Downloaded: http://maven.mirrors.travis-ci.org/nexus/content/repositories/central/org/codehaus/plexus/plexus-component-api/1.0-alpha-16/plexus-component-api-1.0-alpha-16.pom (3 KB at 6.8 KB/sec)
Downloading: http://maven.mirrors.travis-ci.org/nexus/content/repositories/central/org/codehaus/plexus/plexus-containers/1.0-alpha-16/plexus-containers-1.0-alpha-16.pom
Downloaded: http://maven.mirrors.travis-ci.org/nexus/content/repositories/central/org/codehaus/plexus/plexus-containers/1.0-alpha-16/plexus-containers-1.0-alpha-16.pom (2 KB at 6.0 KB/sec)
Downloading: http://maven.mirrors.travis-ci.org/nexus/content/repositories/central/org/codehaus/plexus/plexus-utils/1.4.9/plexus-utils-1.4.9.pom
Downloaded: http://maven.mirrors.travis-ci.org/nexus/content/repositories/central/org/codehaus/plexus/plexus-utils/1.4.9/plexus-utils-1.4.9.pom (3 KB at 7.5 KB/sec)
Downloading: http://maven.mirrors.travis-ci.org/nexus/content/repositories/central/org/apache/maven/maven-archiver/2.3/maven-archiver-2.3.jar
Downloading: http://maven.mirrors.travis-ci.org/nexus/content/repositories/central/org/codehaus/plexus/plexus-archiver/1.0-alpha-9/plexus-archiver-1.0-alpha-9.jar
Downloading: http://maven.mirrors.travis-ci.org/nexus/content/repositories/central/org/codehaus/plexus/plexus-io/1.0-alpha-1/plexus-io-1.0-alpha-1.jar
Downloading: http://maven.mirrors.travis-ci.org/nexus/content/repositories/central/org/codehaus/plexus/plexus-utils/1.4.9/plexus-utils-1.4.9.jar
Downloaded: http://maven.mirrors.travis-ci.org/nexus/content/repositories/central/org/apache/maven/maven-archiver/2.3/maven-archiver-2.3.jar (18 KB at 43.9 KB/sec)
Downloaded: http://maven.mirrors.travis-ci.org/nexus/content/repositories/central/org/codehaus/plexus/plexus-io/1.0-alpha-1/plexus-io-1.0-alpha-1.jar (12 KB at 29.9 KB/sec)
Downloaded: http://maven.mirrors.travis-ci.org/nexus/content/repositories/central/org/codehaus/plexus/plexus-archiver/1.0-alpha-9/plexus-archiver-1.0-alpha-9.jar (154 KB at 197.7 KB/sec)
Downloaded: http://maven.mirrors.travis-ci.org/nexus/content/repositories/central/org/codehaus/plexus/plexus-utils/1.4.9/plexus-utils-1.4.9.jar (200 KB at 227.2 KB/sec)
[INFO] Building jar: /home/travis/build/square/retrofit/retrofit/target/retrofit-1.0.2-SNAPSHOT.jar
[INFO] 
[INFO] --- maven-checkstyle-plugin:2.9.1:checkstyle (default) @ retrofit ---
[INFO] Starting audit...
Audit done.

[WARNING] Unable to locate Source XRef to link to - DISABLED
[INFO] 
[INFO] --- maven-install-plugin:2.3:install (default-install) @ retrofit ---
[INFO] Installing /home/travis/build/square/retrofit/retrofit/target/retrofit-1.0.2-SNAPSHOT.jar to /home/travis/.m2/repository/com/squareup/retrofit/retrofit/1.0.2-SNAPSHOT/retrofit-1.0.2-SNAPSHOT.jar
[INFO] Installing /home/travis/build/square/retrofit/retrofit/pom.xml to /home/travis/.m2/repository/com/squareup/retrofit/retrofit/1.0.2-SNAPSHOT/retrofit-1.0.2-SNAPSHOT.pom
[INFO]                                                                         
[INFO] ------------------------------------------------------------------------
[INFO] Building Samples 1.0.2-SNAPSHOT
[INFO] ------------------------------------------------------------------------
[INFO] 
[INFO] --- maven-enforcer-plugin:1.0:enforce (enforce-maven) @ samples ---
[INFO] 
[INFO] --- maven-checkstyle-plugin:2.9.1:checkstyle (default) @ samples ---
[INFO] 
[INFO] --- maven-install-plugin:2.3:install (default-install) @ samples ---
[INFO] Installing /home/travis/build/square/retrofit/samples/pom.xml to /home/travis/.m2/repository/com/squareup/retrofit/samples/1.0.2-SNAPSHOT/samples-1.0.2-SNAPSHOT.pom
[INFO]                                                                         
[INFO] ------------------------------------------------------------------------
[INFO] Building Sample: GitHub Client 1.0.2-SNAPSHOT
[INFO] ------------------------------------------------------------------------
[INFO] 
[INFO] --- maven-enforcer-plugin:1.0:enforce (enforce-maven) @ sample-github-client ---
[INFO] 
[INFO] --- maven-resources-plugin:2.3:resources (default-resources) @ sample-github-client ---
[INFO] Using 'UTF-8' encoding to copy filtered resources.
[INFO] skip non existing resourceDirectory /home/travis/build/square/retrofit/samples/github-client/src/main/resources
[INFO] 
[INFO] --- maven-compiler-plugin:3.0:compile (default-compile) @ sample-github-client ---
[INFO] Changes detected - recompiling the module!
[INFO] Compiling 1 source file to /home/travis/build/square/retrofit/samples/github-client/target/classes
[INFO] 
[INFO] --- maven-resources-plugin:2.3:testResources (default-testResources) @ sample-github-client ---
[INFO] Using 'UTF-8' encoding to copy filtered resources.
[INFO] skip non existing resourceDirectory /home/travis/build/square/retrofit/samples/github-client/src/test/resources
[INFO] 
[INFO] --- maven-compiler-plugin:3.0:testCompile (default-testCompile) @ sample-github-client ---
[INFO] No sources to compile
[INFO] 
[INFO] --- maven-surefire-plugin:2.10:test (default-test) @ sample-github-client ---
[INFO] Tests are skipped.
[INFO] 
[INFO] --- maven-jar-plugin:2.2:jar (default-jar) @ sample-github-client ---
[INFO] Building jar: /home/travis/build/square/retrofit/samples/github-client/target/sample-github-client-1.0.2-SNAPSHOT.jar
[INFO] 
[INFO] --- maven-checkstyle-plugin:2.9.1:checkstyle (default) @ sample-github-client ---
[INFO] Starting audit...
Audit done.

[WARNING] Unable to locate Source XRef to link to - DISABLED
[INFO] 
[INFO] --- maven-install-plugin:2.3:install (default-install) @ sample-github-client ---
[INFO] Installing /home/travis/build/square/retrofit/samples/github-client/target/sample-github-client-1.0.2-SNAPSHOT.jar to /home/travis/.m2/repository/com/squareup/retrofit/sample-github-client/1.0.2-SNAPSHOT/sample-github-client-1.0.2-SNAPSHOT.jar
[INFO] Installing /home/travis/build/square/retrofit/samples/github-client/pom.xml to /home/travis/.m2/repository/com/squareup/retrofit/sample-github-client/1.0.2-SNAPSHOT/sample-github-client-1.0.2-SNAPSHOT.pom
[INFO] ------------------------------------------------------------------------
[INFO] Reactor Summary:
[INFO] 
[INFO] Retrofit (Parent) ................................. SUCCESS [1:22.468s]
[INFO] Retrofit .......................................... SUCCESS [1:18.880s]
[INFO] Samples ........................................... SUCCESS [0.020s]
[INFO] Sample: GitHub Client ............................. SUCCESS [0.901s]
[INFO] ------------------------------------------------------------------------
[INFO] BUILD SUCCESS
[INFO] ------------------------------------------------------------------------
[INFO] Total time: 2:45.773s
[INFO] Finished at: Sun May 19 15:44:12 UTC 2013
[INFO] Final Memory: 23M/76M
[INFO] ------------------------------------------------------------------------
travis_fold:end:install$ mvn test -B
[INFO] Scanning for projects...
[INFO] ------------------------------------------------------------------------
[INFO] Reactor Build Order:
[INFO] 
[INFO] Retrofit (Parent)
[INFO] Retrofit
[INFO] Samples
[INFO] Sample: GitHub Client
[INFO]                                                                         
[INFO] ------------------------------------------------------------------------
[INFO] Building Retrofit (Parent) 1.0.2-SNAPSHOT
[INFO] ------------------------------------------------------------------------
[INFO] 
[INFO] --- maven-enforcer-plugin:1.0:enforce (enforce-maven) @ parent ---
[INFO]                                                                         
[INFO] ------------------------------------------------------------------------
[INFO] Building Retrofit 1.0.2-SNAPSHOT
[INFO] ------------------------------------------------------------------------
[INFO] 
[INFO] --- maven-enforcer-plugin:1.0:enforce (enforce-maven) @ retrofit ---
[INFO] 
[INFO] --- maven-resources-plugin:2.3:resources (default-resources) @ retrofit ---
[INFO] Using 'UTF-8' encoding to copy filtered resources.
[INFO] skip non existing resourceDirectory /home/travis/build/square/retrofit/retrofit/src/main/resources
[INFO] 
[INFO] --- maven-compiler-plugin:3.0:compile (default-compile) @ retrofit ---
[INFO] Changes detected - recompiling the module!
[INFO] Compiling 49 source files to /home/travis/build/square/retrofit/retrofit/target/classes
[WARNING] /home/travis/build/square/retrofit/retrofit/src/main/java/retrofit/RestAdapter.java: /home/travis/build/square/retrofit/retrofit/src/main/java/retrofit/RestAdapter.java uses unchecked or unsafe operations.
[WARNING] /home/travis/build/square/retrofit/retrofit/src/main/java/retrofit/RestAdapter.java: Recompile with -Xlint:unchecked for details.
[INFO] 
[INFO] --- maven-resources-plugin:2.3:testResources (default-testResources) @ retrofit ---
[INFO] Using 'UTF-8' encoding to copy filtered resources.
[INFO] skip non existing resourceDirectory /home/travis/build/square/retrofit/retrofit/src/test/resources
[INFO] 
[INFO] --- maven-compiler-plugin:3.0:testCompile (default-testCompile) @ retrofit ---
[INFO] Changes detected - recompiling the module!
[INFO] Compiling 14 source files to /home/travis/build/square/retrofit/retrofit/target/test-classes
[WARNING] /home/travis/build/square/retrofit/retrofit/src/test/java/retrofit/CallbackRunnableTest.java: Some input files use unchecked or unsafe operations.
[WARNING] /home/travis/build/square/retrofit/retrofit/src/test/java/retrofit/CallbackRunnableTest.java: Recompile with -Xlint:unchecked for details.
[INFO] 
[INFO] --- maven-surefire-plugin:2.10:test (default-test) @ retrofit ---
[INFO] Surefire report directory: /home/travis/build/square/retrofit/retrofit/target/surefire-reports
Downloading: http://maven.mirrors.travis-ci.org/nexus/content/repositories/central/org/apache/maven/surefire/surefire-junit4/2.10/surefire-junit4-2.10.pom
Downloaded: http://maven.mirrors.travis-ci.org/nexus/content/repositories/central/org/apache/maven/surefire/surefire-junit4/2.10/surefire-junit4-2.10.pom (3 KB at 3.9 KB/sec)
Downloading: http://maven.mirrors.travis-ci.org/nexus/content/repositories/central/org/apache/maven/surefire/surefire-providers/2.10/surefire-providers-2.10.pom
Downloaded: http://maven.mirrors.travis-ci.org/nexus/content/repositories/central/org/apache/maven/surefire/surefire-providers/2.10/surefire-providers-2.10.pom (3 KB at 6.7 KB/sec)
Downloading: http://maven.mirrors.travis-ci.org/nexus/content/repositories/central/org/apache/maven/surefire/surefire-junit4/2.10/surefire-junit4-2.10.jar
Downloaded: http://maven.mirrors.travis-ci.org/nexus/content/repositories/central/org/apache/maven/surefire/surefire-junit4/2.10/surefire-junit4-2.10.jar (33 KB at 64.3 KB/sec)

-------------------------------------------------------
 T E S T S
-------------------------------------------------------
Running retrofit.CallbackRunnableTest
Tests run: 2, Failures: 0, Errors: 0, Skipped: 0, Time elapsed: 0.589 sec
Running retrofit.RequestBuilderTest
Tests run: 19, Failures: 0, Errors: 0, Skipped: 0, Time elapsed: 0.189 sec
Running retrofit.RestAdapterTest
Tests run: 10, Failures: 0, Errors: 0, Skipped: 0, Time elapsed: 0.129 sec
Running retrofit.mime.TypedByteArrayTest
Tests run: 1, Failures: 0, Errors: 0, Skipped: 0, Time elapsed: 0 sec
Running retrofit.mime.MultipartTypedOutputTest
Tests run: 2, Failures: 0, Errors: 0, Skipped: 0, Time elapsed: 0.001 sec
Running retrofit.mime.FormUrlEncodingTypedOutputTest
Tests run: 3, Failures: 0, Errors: 0, Skipped: 0, Time elapsed: 0 sec
Running retrofit.mime.MimeUtilTest
Tests run: 1, Failures: 0, Errors: 0, Skipped: 0, Time elapsed: 0.001 sec
Running retrofit.mime.TypedFileTest
Tests run: 3, Failures: 0, Errors: 0, Skipped: 0, Time elapsed: 0 sec
Running retrofit.client.UrlConnectionClientTest
Tests run: 8, Failures: 0, Errors: 0, Skipped: 0, Time elapsed: 0.016 sec
Running retrofit.client.ApacheClientTest
Tests run: 6, Failures: 0, Errors: 0, Skipped: 0, Time elapsed: 0.032 sec
Running retrofit.RestMethodInfoTest
Tests run: 47, Failures: 0, Errors: 0, Skipped: 0, Time elapsed: 0.233 sec

Results :

Tests run: 102, Failures: 0, Errors: 0, Skipped: 0

[INFO]                                                                         
[INFO] ------------------------------------------------------------------------
[INFO] Building Samples 1.0.2-SNAPSHOT
[INFO] ------------------------------------------------------------------------
[INFO] 
[INFO] --- maven-enforcer-plugin:1.0:enforce (enforce-maven) @ samples ---
[INFO]                                                                         
[INFO] ------------------------------------------------------------------------
[INFO] Building Sample: GitHub Client 1.0.2-SNAPSHOT
[INFO] ------------------------------------------------------------------------
[INFO] 
[INFO] --- maven-enforcer-plugin:1.0:enforce (enforce-maven) @ sample-github-client ---
[INFO] 
[INFO] --- maven-resources-plugin:2.3:resources (default-resources) @ sample-github-client ---
[INFO] Using 'UTF-8' encoding to copy filtered resources.
[INFO] skip non existing resourceDirectory /home/travis/build/square/retrofit/samples/github-client/src/main/resources
[INFO] 
[INFO] --- maven-compiler-plugin:3.0:compile (default-compile) @ sample-github-client ---
[INFO] Changes detected - recompiling the module!
[INFO] Compiling 1 source file to /home/travis/build/square/retrofit/samples/github-client/target/classes
[INFO] 
[INFO] --- maven-resources-plugin:2.3:testResources (default-testResources) @ sample-github-client ---
[INFO] Using 'UTF-8' encoding to copy filtered resources.
[INFO] skip non existing resourceDirectory /home/travis/build/square/retrofit/samples/github-client/src/test/resources
[INFO] 
[INFO] --- maven-compiler-plugin:3.0:testCompile (default-testCompile) @ sample-github-client ---
[INFO] No sources to compile
[INFO] 
[INFO] --- maven-surefire-plugin:2.10:test (default-test) @ sample-github-client ---
[INFO] No tests to run.
[INFO] Surefire report directory: /home/travis/build/square/retrofit/samples/github-client/target/surefire-reports
Downloading: http://maven.mirrors.travis-ci.org/nexus/content/repositories/central/org/apache/maven/surefire/surefire-junit3/2.10/surefire-junit3-2.10.pom
Downloaded: http://maven.mirrors.travis-ci.org/nexus/content/repositories/central/org/apache/maven/surefire/surefire-junit3/2.10/surefire-junit3-2.10.pom (2 KB at 5.2 KB/sec)
Downloading: http://maven.mirrors.travis-ci.org/nexus/content/repositories/central/org/apache/maven/surefire/surefire-junit3/2.10/surefire-junit3-2.10.jar
Downloaded: http://maven.mirrors.travis-ci.org/nexus/content/repositories/central/org/apache/maven/surefire/surefire-junit3/2.10/surefire-junit3-2.10.jar (26 KB at 51.2 KB/sec)

-------------------------------------------------------
 T E S T S
-------------------------------------------------------

Results :

Tests run: 0, Failures: 0, Errors: 0, Skipped: 0

[INFO] ------------------------------------------------------------------------
[INFO] Reactor Summary:
[INFO] 
[INFO] Retrofit (Parent) ................................. SUCCESS [1.347s]
[INFO] Retrofit .......................................... SUCCESS [9.276s]
[INFO] Samples ........................................... SUCCESS [0.006s]
[INFO] Sample: GitHub Client ............................. SUCCESS [1.234s]
[INFO] ------------------------------------------------------------------------
[INFO] BUILD SUCCESS
[INFO] ------------------------------------------------------------------------
[INFO] Total time: 12.391s
[INFO] Finished at: Sun May 19 15:44:30 UTC 2013
[INFO] Final Memory: 16M/191M
[INFO] ------------------------------------------------------------------------

The command "mvn test -B" exited with 0.

Done. Your build exited with 0.
